#
# There is insufficient memory for the Java Runtime Environment to continue.
# Native memory allocation (malloc) failed to allocate 1101696 bytes. Error detail: Chunk::new
# Possible reasons:
#   The system is out of physical RAM or swap space
#   This process is running with CompressedOops enabled, and the Java Heap may be blocking the growth of the native heap
# Possible solutions:
#   Reduce memory load on the system
#   Increase physical memory or swap space
#   Check if swap backing store is full
#   Decrease Java heap size (-Xmx/-Xms)
#   Decrease number of Java threads
#   Decrease Java thread stack sizes (-Xss)
#   Set larger code cache with -XX:ReservedCodeCacheSize=
#   JVM is running with Unscaled Compressed Oops mode in which the Java heap is
#     placed in the first 4GB address space. The Java Heap base address is the
#     maximum limit for the native heap growth. Please use -XX:HeapBaseMinAddress
#     to set the Java Heap base and to place the Java Heap above 4GB virtual address.
# This output file may be truncated or incomplete.
#
#  Out of Memory Error (arena.cpp:191), pid=32352, tid=9104
#
# JRE version: OpenJDK Runtime Environment Microsoft-10376486 (17.0.13+11) (build 17.0.13+11-LTS)
# Java VM: OpenJDK 64-Bit Server VM Microsoft-10376486 (17.0.13+11-LTS, mixed mode, sharing, tiered, compressed oops, compressed class ptrs, g1 gc, windows-amd64)
# No core dump will be written. Minidumps are not enabled by default on client versions of Windows
#

---------------  S U M M A R Y ------------

Command Line: --add-opens=java.base/java.lang=ALL-UNNAMED --add-opens=java.base/java.lang.invoke=ALL-UNNAMED --add-opens=java.base/java.util=ALL-UNNAMED --add-opens=java.prefs/java.util.prefs=ALL-UNNAMED --add-exports=jdk.compiler/com.sun.tools.javac.api=ALL-UNNAMED --add-exports=jdk.compiler/com.sun.tools.javac.util=ALL-UNNAMED --add-opens=java.base/java.util=ALL-UNNAMED --add-opens=java.prefs/java.util.prefs=ALL-UNNAMED --add-opens=java.base/java.nio.charset=ALL-UNNAMED --add-opens=java.base/java.net=ALL-UNNAMED --add-opens=java.base/java.util.concurrent=ALL-UNNAMED --add-opens=java.base/java.util.concurrent.atomic=ALL-UNNAMED --add-opens=java.xml/javax.xml.namespace=ALL-UNNAMED --add-opens=java.base/java.time=ALL-UNNAMED -XX:MaxMetaspaceSize=384m -XX:+HeapDumpOnOutOfMemoryError -Xms256m -Xmx512m -Dfile.encoding=UTF-8 -Duser.country=IN -Duser.language=en -Duser.variant -javaagent:C:\Users\SuhasKumar\.gradle\wrapper\dists\gradle-9.4.1-bin\arn2x92ynaizyzdaamcbpbhtj\gradle-9.4.1\lib\agents\gradle-instrumentation-agent-9.4.1.jar org.gradle.launcher.daemon.bootstrap.GradleDaemon 9.4.1

Host: Intel(R) Core(TM) i7-10875H CPU @ 2.30GHz, 16 cores, 31G,  Windows 11 , 64 bit Build 26100 (10.0.26100.8246)
Time: Fri May 15 14:35:37 2026 India Standard Time elapsed time: 18.558369 seconds (0d 0h 0m 18s)

---------------  T H R E A D  ---------------

Current thread (0x00000184a39b6cb0):  JavaThread "C2 CompilerThread1" daemon [_thread_in_native, id=9104, stack(0x00000034c7e00000,0x00000034c7f00000)]


Current CompileTask:
C2:  18558 8278       4       com.sun.beans.TypeResolver::resolve (37 bytes)

Stack: [0x00000034c7e00000,0x00000034c7f00000]
Native frames: (J=compiled Java code, j=interpreted, Vv=VM code, C=native code)
V  [jvm.dll+0x687fc9]
V  [jvm.dll+0x83eeb8]
V  [jvm.dll+0x840963]
V  [jvm.dll+0x840fd3]
V  [jvm.dll+0x24951f]
V  [jvm.dll+0xad0c4]
V  [jvm.dll+0xad75c]
V  [jvm.dll+0x2b0c2f]
V  [jvm.dll+0x58e059]
V  [jvm.dll+0x2237a2]
V  [jvm.dll+0x223b9f]
V  [jvm.dll+0x21c950]
V  [jvm.dll+0x219a7b]
V  [jvm.dll+0x1a5506]
V  [jvm.dll+0x22a1ca]
V  [jvm.dll+0x22830b]
V  [jvm.dll+0x7f4708]
V  [jvm.dll+0x7eea6c]
V  [jvm.dll+0x686ea7]
C  [ucrtbase.dll+0x37b0]
C  [KERNEL32.DLL+0x2e8d7]
C  [ntdll.dll+0x8c3fc]


---------------  P R O C E S S  ---------------

Threads class SMR info:
_java_thread_list=0x00000184a1a173d0, length=70, elements={
0x00000184e7349ba0, 0x0000018482a63090, 0x0000018482a63b60, 0x0000018482a74ed0,
0x0000018482a757a0, 0x0000018482a76070, 0x0000018482a76940, 0x0000018482a79560,
0x0000018482a7d370, 0x0000018482a7dc80, 0x0000018482b5e1c0, 0x0000018482b85090,
0x0000018482c3bcf0, 0x0000018482c3e420, 0x0000018482d2aaa0, 0x000001849dfd7430,
0x000001849df5fdc0, 0x000001849ce9bf50, 0x000001849e1f4060, 0x000001849d657310,
0x000001849d3e9050, 0x000001849d87f3c0, 0x000001849d87d560, 0x000001849d87da70,
0x000001849d8802f0, 0x000001849d87f8d0, 0x000001849d87fde0, 0x000001849d87df80,
0x000001849d87e490, 0x000001849d880d10, 0x000001849d880800, 0x000001849d87e9a0,
0x000001849d87eeb0, 0x00000184a001f620, 0x00000184a001fb30, 0x00000184a001d7c0,
0x00000184a001f110, 0x00000184a001e6f0, 0x00000184a0020550, 0x00000184a001e1e0,
0x00000184a001cda0, 0x00000184a0020a60, 0x00000184a001d2b0, 0x00000184a0021990,
0x00000184a00237f0, 0x00000184a0023d00, 0x00000184a00232e0, 0x00000184a0020f70,
0x00000184a0021480, 0x00000184a0024210, 0x00000184a0021ea0, 0x00000184a00228c0,
0x00000184a00223b0, 0x00000184a0024720, 0x00000184a19410e0, 0x00000184a193d930,
0x00000184a19401b0, 0x00000184a193de40, 0x00000184a1940bd0, 0x00000184a39b6cb0,
0x00000184a193ed70, 0x00000184a19415f0, 0x00000184a193e350, 0x00000184a1942010,
0x00000184a39b8740, 0x00000184a39b8c90, 0x00000184a39b6760, 0x00000184a1942520,
0x00000184a1942a30, 0x00000184a39b91e0
}

Java Threads: ( => current thread )
  0x00000184e7349ba0 JavaThread "main" [_thread_blocked, id=36780, stack(0x00000034c4400000,0x00000034c4500000)]
  0x0000018482a63090 JavaThread "Reference Handler" daemon [_thread_blocked, id=34172, stack(0x00000034c4b00000,0x00000034c4c00000)]
  0x0000018482a63b60 JavaThread "Finalizer" daemon [_thread_blocked, id=34356, stack(0x00000034c4c00000,0x00000034c4d00000)]
  0x0000018482a74ed0 JavaThread "Signal Dispatcher" daemon [_thread_blocked, id=40420, stack(0x00000034c4d00000,0x00000034c4e00000)]
  0x0000018482a757a0 JavaThread "Attach Listener" daemon [_thread_blocked, id=40824, stack(0x00000034c4e00000,0x00000034c4f00000)]
  0x0000018482a76070 JavaThread "Service Thread" daemon [_thread_blocked, id=23592, stack(0x00000034c4f00000,0x00000034c5000000)]
  0x0000018482a76940 JavaThread "Monitor Deflation Thread" daemon [_thread_blocked, id=8808, stack(0x00000034c5000000,0x00000034c5100000)]
  0x0000018482a79560 JavaThread "C2 CompilerThread0" daemon [_thread_in_native, id=27480, stack(0x00000034c5100000,0x00000034c5200000)]
  0x0000018482a7d370 JavaThread "C1 CompilerThread0" daemon [_thread_blocked, id=8636, stack(0x00000034c5200000,0x00000034c5300000)]
  0x0000018482a7dc80 JavaThread "Sweeper thread" daemon [_thread_blocked, id=8884, stack(0x00000034c5300000,0x00000034c5400000)]
  0x0000018482b5e1c0 JavaThread "C1 CompilerThread1" daemon [_thread_blocked, id=44396, stack(0x00000034c5400000,0x00000034c5500000)]
  0x0000018482b85090 JavaThread "C1 CompilerThread2" daemon [_thread_in_native, id=17732, stack(0x00000034c5500000,0x00000034c5600000)]
  0x0000018482c3bcf0 JavaThread "Common-Cleaner" daemon [_thread_blocked, id=30584, stack(0x00000034c5600000,0x00000034c5700000)]
  0x0000018482c3e420 JavaThread "C1 CompilerThread3" daemon [_thread_blocked, id=48764, stack(0x00000034c5700000,0x00000034c5800000)]
  0x0000018482d2aaa0 JavaThread "Notification Thread" daemon [_thread_blocked, id=25308, stack(0x00000034c5900000,0x00000034c5a00000)]
  0x000001849dfd7430 JavaThread "Daemon health stats" [_thread_blocked, id=2136, stack(0x00000034c5b00000,0x00000034c5c00000)]
  0x000001849df5fdc0 JavaThread "Incoming local TCP Connector on port 57003" [_thread_in_native, id=19352, stack(0x00000034c6100000,0x00000034c6200000)]
  0x000001849ce9bf50 JavaThread "Daemon periodic checks" [_thread_blocked, id=40872, stack(0x00000034c6200000,0x00000034c6300000)]
  0x000001849e1f4060 JavaThread "Daemon" [_thread_blocked, id=10928, stack(0x00000034c6300000,0x00000034c6400000)]
  0x000001849d657310 JavaThread "Handler for socket connection from /127.0.0.1:57003 to /127.0.0.1:57004" [_thread_in_native, id=5040, stack(0x00000034c6400000,0x00000034c6500000)]
  0x000001849d3e9050 JavaThread "Cancel handler" [_thread_blocked, id=36992, stack(0x00000034c6500000,0x00000034c6600000)]
  0x000001849d87f3c0 JavaThread "Daemon worker" [_thread_in_Java, id=49712, stack(0x00000034c6600000,0x00000034c6700000)]
  0x000001849d87d560 JavaThread "Asynchronous log dispatcher for DefaultDaemonConnection: socket connection from /127.0.0.1:57003 to /127.0.0.1:57004" [_thread_blocked, id=9004, stack(0x00000034c6700000,0x00000034c6800000)]
  0x000001849d87da70 JavaThread "Stdin handler" [_thread_blocked, id=37456, stack(0x00000034c6800000,0x00000034c6900000)]
  0x000001849d8802f0 JavaThread "Daemon client event forwarder" [_thread_blocked, id=32588, stack(0x00000034c6900000,0x00000034c6a00000)]
  0x000001849d87f8d0 JavaThread "Cache worker for journal cache (C:\Users\SuhasKumar\.gradle\caches\journal-1)" [_thread_blocked, id=50484, stack(0x00000034c6a00000,0x00000034c6b00000)]
  0x000001849d87fde0 JavaThread "File lock request listener" [_thread_in_native, id=32512, stack(0x00000034c6b00000,0x00000034c6c00000)]
  0x000001849d87df80 JavaThread "Cache worker for file hash cache (C:\Users\SuhasKumar\.gradle\caches\9.4.1\fileHashes)" [_thread_blocked, id=27956, stack(0x00000034c6c00000,0x00000034c6d00000)]
  0x000001849d87e490 JavaThread "Cache worker for file hash cache (C:\Users\SuhasKumar\Downloads\user-service\user-service\.gradle\9.4.1\fileHashes)" [_thread_blocked, id=47656, stack(0x00000034c7500000,0x00000034c7600000)]
  0x000001849d880d10 JavaThread "Cache worker for Build Output Cleanup Cache (C:\Users\SuhasKumar\Downloads\user-service\user-service\.gradle\buildOutputCleanup)" [_thread_blocked, id=40104, stack(0x00000034c7800000,0x00000034c7900000)]
  0x000001849d880800 JavaThread "File watcher server" daemon [_thread_in_native, id=42364, stack(0x00000034c7a00000,0x00000034c7b00000)]
  0x000001849d87e9a0 JavaThread "File watcher consumer" daemon [_thread_blocked, id=19076, stack(0x00000034c7b00000,0x00000034c7c00000)]
  0x000001849d87eeb0 JavaThread "Cache worker for file content cache (C:\Users\SuhasKumar\.gradle\caches\9.4.1\fileContent)" [_thread_blocked, id=47680, stack(0x00000034c7c00000,0x00000034c7d00000)]
  0x00000184a001f620 JavaThread "Cache worker for checksums cache (C:\Users\SuhasKumar\Downloads\user-service\user-service\.gradle\9.4.1\checksums)" [_thread_blocked, id=5108, stack(0x00000034c7d00000,0x00000034c7e00000)]
  0x00000184a001fb30 JavaThread "Cache worker for cache directory md-supplier (C:\Users\SuhasKumar\.gradle\caches\9.4.1\md-supplier)" [_thread_blocked, id=22468, stack(0x00000034c7400000,0x00000034c7500000)]
  0x00000184a001d7c0 JavaThread "Cache worker for cache directory md-rule (C:\Users\SuhasKumar\.gradle\caches\9.4.1\md-rule)" [_thread_blocked, id=45272, stack(0x00000034c7900000,0x00000034c7a00000)]
  0x00000184a001f110 JavaThread "jar transforms" [_thread_blocked, id=9328, stack(0x00000034c7f00000,0x00000034c8000000)]
  0x00000184a001e6f0 JavaThread "jar transforms Thread 2" [_thread_blocked, id=35036, stack(0x00000034c8000000,0x00000034c8100000)]
  0x00000184a0020550 JavaThread "jar transforms Thread 3" [_thread_blocked, id=26672, stack(0x00000034c8400000,0x00000034c8500000)]
  0x00000184a001e1e0 JavaThread "Build operations" [_thread_blocked, id=5728, stack(0x00000034c8200000,0x00000034c8300000)]
  0x00000184a001cda0 JavaThread "Build operations Thread 2" [_thread_blocked, id=5924, stack(0x00000034c8300000,0x00000034c8400000)]
  0x00000184a0020a60 JavaThread "Build operations Thread 3" [_thread_blocked, id=35984, stack(0x00000034c8500000,0x00000034c8600000)]
  0x00000184a001d2b0 JavaThread "Build operations Thread 4" [_thread_blocked, id=20208, stack(0x00000034c8600000,0x00000034c8700000)]
  0x00000184a0021990 JavaThread "Build operations Thread 5" [_thread_blocked, id=25780, stack(0x00000034c8700000,0x00000034c8800000)]
  0x00000184a00237f0 JavaThread "Build operations Thread 6" [_thread_blocked, id=25596, stack(0x00000034c8800000,0x00000034c8900000)]
  0x00000184a0023d00 JavaThread "Build operations Thread 7" [_thread_blocked, id=19016, stack(0x00000034c8900000,0x00000034c8a00000)]
  0x00000184a00232e0 JavaThread "Build operations Thread 8" [_thread_blocked, id=47816, stack(0x00000034c8a00000,0x00000034c8b00000)]
  0x00000184a0020f70 JavaThread "jar transforms Thread 4" [_thread_blocked, id=13880, stack(0x00000034c8c00000,0x00000034c8d00000)]
  0x00000184a0021480 JavaThread "jar transforms Thread 5" [_thread_blocked, id=23660, stack(0x00000034c8d00000,0x00000034c8e00000)]
  0x00000184a0024210 JavaThread "Build operations Thread 9" [_thread_blocked, id=31584, stack(0x00000034c8e00000,0x00000034c8f00000)]
  0x00000184a0021ea0 JavaThread "Build operations Thread 10" [_thread_blocked, id=48744, stack(0x00000034c8f00000,0x00000034c9000000)]
  0x00000184a00228c0 JavaThread "Build operations Thread 11" [_thread_blocked, id=11868, stack(0x00000034c9000000,0x00000034c9100000)]
  0x00000184a00223b0 JavaThread "Build operations Thread 12" [_thread_blocked, id=38060, stack(0x00000034c9100000,0x00000034c9200000)]
  0x00000184a0024720 JavaThread "jar transforms Thread 6" [_thread_blocked, id=25392, stack(0x00000034c9200000,0x00000034c9300000)]
  0x00000184a19410e0 JavaThread "jar transforms Thread 7" [_thread_blocked, id=2656, stack(0x00000034c9600000,0x00000034c9700000)]
  0x00000184a193d930 JavaThread "jar transforms Thread 8" [_thread_blocked, id=37000, stack(0x00000034c9500000,0x00000034c9600000)]
  0x00000184a19401b0 JavaThread "jar transforms Thread 9" [_thread_blocked, id=38772, stack(0x00000034c9700000,0x00000034c9800000)]
  0x00000184a193de40 JavaThread "jar transforms Thread 10" [_thread_blocked, id=41916, stack(0x00000034c9800000,0x00000034c9900000)]
  0x00000184a1940bd0 JavaThread "jar transforms Thread 11" [_thread_blocked, id=39184, stack(0x00000034c5800000,0x00000034c5900000)]
=>0x00000184a39b6cb0 JavaThread "C2 CompilerThread1" daemon [_thread_in_native, id=9104, stack(0x00000034c7e00000,0x00000034c7f00000)]
  0x00000184a193ed70 JavaThread "Build operations Thread 13" [_thread_blocked, id=6804, stack(0x00000034c8100000,0x00000034c8200000)]
  0x00000184a19415f0 JavaThread "Build operations Thread 14" [_thread_blocked, id=28156, stack(0x00000034c8b00000,0x00000034c8c00000)]
  0x00000184a193e350 JavaThread "Build operations Thread 15" [_thread_blocked, id=41332, stack(0x00000034c9300000,0x00000034c9400000)]
  0x00000184a1942010 JavaThread "Build operations Thread 16" [_thread_blocked, id=21540, stack(0x00000034c9400000,0x00000034c9500000)]
  0x00000184a39b8740 JavaThread "C2 CompilerThread2" daemon [_thread_in_native, id=24252, stack(0x00000034c9900000,0x00000034c9a00000)]
  0x00000184a39b8c90 JavaThread "C2 CompilerThread3" daemon [_thread_in_native, id=12224, stack(0x00000034c9a00000,0x00000034c9b00000)]
  0x00000184a39b6760 JavaThread "C2 CompilerThread4" daemon [_thread_in_native, id=14324, stack(0x00000034c9b00000,0x00000034c9c00000)]
  0x00000184a1942520 JavaThread "Memory manager" [_thread_blocked, id=22092, stack(0x00000034c9d00000,0x00000034c9e00000)]
  0x00000184a1942a30 JavaThread "jar transforms Thread 12" [_thread_blocked, id=43296, stack(0x00000034c9c00000,0x00000034c9d00000)]
  0x00000184a39b91e0 JavaThread "C2 CompilerThread5" daemon [_thread_in_native, id=25868, stack(0x00000034c9e00000,0x00000034c9f00000)]

Other Threads:
  0x0000018482a5e070 VMThread "VM Thread" [stack: 0x00000034c4a00000,0x00000034c4b00000] [id=16140]
  0x00000184e734a930 WatcherThread [stack: 0x00000034c5a00000,0x00000034c5b00000] [id=41856]
  0x00000184e737bfd0 GCTaskThread "GC Thread#0" [stack: 0x00000034c4500000,0x00000034c4600000] [id=32108]
  0x000001849d29bc90 GCTaskThread "GC Thread#1" [stack: 0x00000034c5c00000,0x00000034c5d00000] [id=48904]
  0x000001849c39f1d0 GCTaskThread "GC Thread#2" [stack: 0x00000034c5d00000,0x00000034c5e00000] [id=11136]
  0x000001849c39f490 GCTaskThread "GC Thread#3" [stack: 0x00000034c5e00000,0x00000034c5f00000] [id=16276]
  0x000001849c39f750 GCTaskThread "GC Thread#4" [stack: 0x00000034c5f00000,0x00000034c6000000] [id=9868]
  0x000001849d16cd50 GCTaskThread "GC Thread#5" [stack: 0x00000034c6000000,0x00000034c6100000] [id=18764]
  0x000001849faaed00 GCTaskThread "GC Thread#6" [stack: 0x00000034c6d00000,0x00000034c6e00000] [id=8876]
  0x000001849e015b00 GCTaskThread "GC Thread#7" [stack: 0x00000034c6e00000,0x00000034c6f00000] [id=23004]
  0x000001849e3c0060 GCTaskThread "GC Thread#8" [stack: 0x00000034c6f00000,0x00000034c7000000] [id=7852]
  0x000001849e3c1be0 GCTaskThread "GC Thread#9" [stack: 0x00000034c7000000,0x00000034c7100000] [id=42780]
  0x000001849e3c1920 GCTaskThread "GC Thread#10" [stack: 0x00000034c7100000,0x00000034c7200000] [id=48912]
  0x000001849e3c08a0 GCTaskThread "GC Thread#11" [stack: 0x00000034c7200000,0x00000034c7300000] [id=9780]
  0x000001849e3c0320 GCTaskThread "GC Thread#12" [stack: 0x00000034c7300000,0x00000034c7400000] [id=3020]
  0x00000184e7380e30 ConcurrentGCThread "G1 Main Marker" [stack: 0x00000034c4600000,0x00000034c4700000] [id=50468]
  0x00000184e7382430 ConcurrentGCThread "G1 Conc#0" [stack: 0x00000034c4700000,0x00000034c4800000] [id=40788]
  0x000001849e3c10e0 ConcurrentGCThread "G1 Conc#1" [stack: 0x00000034c7600000,0x00000034c7700000] [id=44532]
  0x000001849e3c13a0 ConcurrentGCThread "G1 Conc#2" [stack: 0x00000034c7700000,0x00000034c7800000] [id=37224]
  0x00000184829181b0 ConcurrentGCThread "G1 Refine#0" [stack: 0x00000034c4800000,0x00000034c4900000] [id=16156]
  0x00000184a159f4f0 ConcurrentGCThread "G1 Refine#1" [stack: 0x00000034ca100000,0x00000034ca200000] [id=5304]
  0x00000184829199a0 ConcurrentGCThread "G1 Service" [stack: 0x00000034c4900000,0x00000034c4a00000] [id=20500]

Threads with active compile tasks:
C2 CompilerThread0    18642 8604       4       io.spring.gradle.dependencymanagement.org.codehaus.plexus.util.xml.pull.MXParser::nextImpl (1207 bytes)
C1 CompilerThread0    18643 8815       3       it.unimi.dsi.fastutil.HashCommon::mix (20 bytes)
C1 CompilerThread1    18644 8802       3       org.gradle.cache.internal.cacheops.CacheOperationStack::checkNotEmpty (18 bytes)
C1 CompilerThread2    18645 8823       3       org.gradle.internal.logging.services.ProgressLoggingBridge::started (11 bytes)
C1 CompilerThread3    18646 8822       3       org.gradle.internal.execution.DefaultWorkExecutionTracker$OperationListener::started (60 bytes)
C2 CompilerThread1    18647 8278       4       com.sun.beans.TypeResolver::resolve (37 bytes)
C2 CompilerThread2    18648 8788       4       java.util.concurrent.ConcurrentLinkedQueue::poll (84 bytes)
C2 CompilerThread3    18649 8706       4       io.spring.gradle.dependencymanagement.org.apache.maven.model.interpolation.StringSearchModelInterpolator$InterpolateObjectAction$StringField::doInterpolate (49 bytes)
C2 CompilerThread4    18650 8362       4       io.spring.gradle.dependencymanagement.org.codehaus.plexus.util.xml.pull.MXParser::parseStartTag (1210 bytes)
C2 CompilerThread5    18651 8400       4       io.spring.gradle.dependencymanagement.org.apache.maven.model.io.xpp3.MavenXpp3Reader::checkFieldWithDuplicate (75 bytes)

VM state: not at safepoint (normal execution)

VM Mutex/Monitor currently owned by a thread: None

Heap address: 0x00000000e0000000, size: 512 MB, Compressed Oops mode: 32-bit

CDS archive(s) mapped at: [0x0000018483000000-0x0000018483bb0000-0x0000018483bb0000), size 12255232, SharedBaseAddress: 0x0000018483000000, ArchiveRelocationMode: 1.
Compressed class space mapped at: 0x0000018484000000-0x0000018498000000, reserved size: 335544320
Narrow klass base: 0x0000018483000000, Narrow klass shift: 0, Narrow klass range: 0x100000000

GC Precious Log:
 CPUs: 16 total, 16 available
 Memory: 32520M
 Large Page Support: Disabled
 NUMA Support: Disabled
 Compressed Oops: Enabled (32-bit)
 Heap Region Size: 1M
 Heap Min Capacity: 256M
 Heap Initial Capacity: 256M
 Heap Max Capacity: 512M
 Pre-touch: Disabled
 Parallel Workers: 13
 Concurrent Workers: 3
 Concurrent Refinement Workers: 13
 Periodic GC: Disabled

Heap:
 garbage-first heap   total 262144K, used 75370K [0x00000000e0000000, 0x0000000100000000)
  region size 1024K, 26 young (26624K), 4 survivors (4096K)
 Metaspace       used 61463K, committed 62272K, reserved 393216K
  class space    used 8811K, committed 9216K, reserved 327680K

Heap Regions: E=young(eden), S=young(survivor), O=old, HS=humongous(starts), HC=humongous(continues), CS=collection set, F=free, OA=open archive, CA=closed archive, TAMS=top-at-mark-start (previous, next)
|   0|0x00000000e0000000, 0x00000000e0100000, 0x00000000e0100000|100%|HS|  |TAMS 0x00000000e0100000, 0x00000000e0000000| Complete 
|   1|0x00000000e0100000, 0x00000000e0200000, 0x00000000e0200000|100%|HC|  |TAMS 0x00000000e0200000, 0x00000000e0100000| Complete 
|   2|0x00000000e0200000, 0x00000000e0300000, 0x00000000e0300000|100%|HC|  |TAMS 0x00000000e0300000, 0x00000000e0200000| Complete 
|   3|0x00000000e0300000, 0x00000000e0400000, 0x00000000e0400000|100%|HC|  |TAMS 0x00000000e0400000, 0x00000000e0300000| Complete 
|   4|0x00000000e0400000, 0x00000000e0500000, 0x00000000e0500000|100%| O|  |TAMS 0x00000000e0500000, 0x00000000e0400000| Untracked 
|   5|0x00000000e0500000, 0x00000000e0600000, 0x00000000e0600000|100%| O|  |TAMS 0x00000000e0600000, 0x00000000e0500000| Untracked 
|   6|0x00000000e0600000, 0x00000000e0700000, 0x00000000e0700000|100%| O|  |TAMS 0x00000000e0700000, 0x00000000e0600000| Untracked 
|   7|0x00000000e0700000, 0x00000000e0800000, 0x00000000e0800000|100%| O|  |TAMS 0x00000000e0800000, 0x00000000e0700000| Untracked 
|   8|0x00000000e0800000, 0x00000000e0900000, 0x00000000e0900000|100%|HS|  |TAMS 0x00000000e0900000, 0x00000000e0800000| Complete 
|   9|0x00000000e0900000, 0x00000000e0a00000, 0x00000000e0a00000|100%| O|  |TAMS 0x00000000e0a00000, 0x00000000e0900000| Untracked 
|  10|0x00000000e0a00000, 0x00000000e0b00000, 0x00000000e0b00000|100%| O|  |TAMS 0x00000000e0b00000, 0x00000000e0a00000| Untracked 
|  11|0x00000000e0b00000, 0x00000000e0c00000, 0x00000000e0c00000|100%| O|  |TAMS 0x00000000e0b00000, 0x00000000e0b00000| Untracked 
|  12|0x00000000e0c00000, 0x00000000e0d00000, 0x00000000e0d00000|100%| O|  |TAMS 0x00000000e0d00000, 0x00000000e0c00000| Untracked 
|  13|0x00000000e0d00000, 0x00000000e0e00000, 0x00000000e0e00000|100%| O|  |TAMS 0x00000000e0e00000, 0x00000000e0d00000| Untracked 
|  14|0x00000000e0e00000, 0x00000000e0f00000, 0x00000000e0f00000|100%| O|  |TAMS 0x00000000e0f00000, 0x00000000e0e00000| Untracked 
|  15|0x00000000e0f00000, 0x00000000e1000000, 0x00000000e1000000|100%| O|  |TAMS 0x00000000e1000000, 0x00000000e0f00000| Untracked 
|  16|0x00000000e1000000, 0x00000000e1100000, 0x00000000e1100000|100%| O|  |TAMS 0x00000000e1100000, 0x00000000e1000000| Untracked 
|  17|0x00000000e1100000, 0x00000000e1200000, 0x00000000e1200000|100%| O|  |TAMS 0x00000000e1200000, 0x00000000e1100000| Untracked 
|  18|0x00000000e1200000, 0x00000000e1300000, 0x00000000e1300000|100%| O|  |TAMS 0x00000000e1300000, 0x00000000e1200000| Untracked 
|  19|0x00000000e1300000, 0x00000000e1400000, 0x00000000e1400000|100%| O|  |TAMS 0x00000000e1400000, 0x00000000e1300000| Untracked 
|  20|0x00000000e1400000, 0x00000000e1500000, 0x00000000e1500000|100%| O|  |TAMS 0x00000000e1500000, 0x00000000e1400000| Untracked 
|  21|0x00000000e1500000, 0x00000000e1600000, 0x00000000e1600000|100%| O|  |TAMS 0x00000000e1600000, 0x00000000e1500000| Untracked 
|  22|0x00000000e1600000, 0x00000000e1700000, 0x00000000e1700000|100%| O|  |TAMS 0x00000000e1700000, 0x00000000e1600000| Untracked 
|  23|0x00000000e1700000, 0x00000000e1800000, 0x00000000e1800000|100%| O|  |TAMS 0x00000000e1800000, 0x00000000e1700000| Untracked 
|  24|0x00000000e1800000, 0x00000000e1900000, 0x00000000e1900000|100%| O|  |TAMS 0x00000000e1900000, 0x00000000e1800000| Untracked 
|  25|0x00000000e1900000, 0x00000000e1a00000, 0x00000000e1a00000|100%| O|  |TAMS 0x00000000e1a00000, 0x00000000e1900000| Untracked 
|  26|0x00000000e1a00000, 0x00000000e1b00000, 0x00000000e1b00000|100%| O|  |TAMS 0x00000000e1b00000, 0x00000000e1a00000| Untracked 
|  27|0x00000000e1b00000, 0x00000000e1c00000, 0x00000000e1c00000|100%| O|  |TAMS 0x00000000e1c00000, 0x00000000e1b00000| Untracked 
|  28|0x00000000e1c00000, 0x00000000e1d00000, 0x00000000e1d00000|100%| O|  |TAMS 0x00000000e1d00000, 0x00000000e1c00000| Untracked 
|  29|0x00000000e1d00000, 0x00000000e1e00000, 0x00000000e1e00000|100%| O|  |TAMS 0x00000000e1e00000, 0x00000000e1d00000| Untracked 
|  30|0x00000000e1e00000, 0x00000000e1f00000, 0x00000000e1f00000|100%| O|  |TAMS 0x00000000e1e67c00, 0x00000000e1e00000| Untracked 
|  31|0x00000000e1f00000, 0x00000000e2000000, 0x00000000e2000000|100%| O|  |TAMS 0x00000000e1f00000, 0x00000000e1f00000| Untracked 
|  32|0x00000000e2000000, 0x00000000e2100000, 0x00000000e2100000|100%| O|  |TAMS 0x00000000e2000000, 0x00000000e2000000| Untracked 
|  33|0x00000000e2100000, 0x00000000e2200000, 0x00000000e2200000|100%| O|  |TAMS 0x00000000e2100000, 0x00000000e2100000| Untracked 
|  34|0x00000000e2200000, 0x00000000e2300000, 0x00000000e2300000|100%| O|  |TAMS 0x00000000e2200000, 0x00000000e2200000| Untracked 
|  35|0x00000000e2300000, 0x00000000e2400000, 0x00000000e2400000|100%| O|  |TAMS 0x00000000e2300000, 0x00000000e2300000| Untracked 
|  36|0x00000000e2400000, 0x00000000e2500000, 0x00000000e2500000|100%| O|  |TAMS 0x00000000e2400000, 0x00000000e2400000| Untracked 
|  37|0x00000000e2500000, 0x00000000e2600000, 0x00000000e2600000|100%| O|  |TAMS 0x00000000e2500000, 0x00000000e2500000| Untracked 
|  38|0x00000000e2600000, 0x00000000e2700000, 0x00000000e2700000|100%| O|  |TAMS 0x00000000e2600000, 0x00000000e2600000| Untracked 
|  39|0x00000000e2700000, 0x00000000e2800000, 0x00000000e2800000|100%| O|  |TAMS 0x00000000e2700000, 0x00000000e2700000| Untracked 
|  40|0x00000000e2800000, 0x00000000e2900000, 0x00000000e2900000|100%| O|  |TAMS 0x00000000e2800000, 0x00000000e2800000| Untracked 
|  41|0x00000000e2900000, 0x00000000e2a00000, 0x00000000e2a00000|100%| O|  |TAMS 0x00000000e2900000, 0x00000000e2900000| Untracked 
|  42|0x00000000e2a00000, 0x00000000e2b00000, 0x00000000e2b00000|100%| O|  |TAMS 0x00000000e2a00000, 0x00000000e2a00000| Untracked 
|  43|0x00000000e2b00000, 0x00000000e2c00000, 0x00000000e2c00000|100%| O|  |TAMS 0x00000000e2b00000, 0x00000000e2b00000| Untracked 
|  44|0x00000000e2c00000, 0x00000000e2d00000, 0x00000000e2d00000|100%| O|  |TAMS 0x00000000e2c00000, 0x00000000e2c00000| Untracked 
|  45|0x00000000e2d00000, 0x00000000e2e00000, 0x00000000e2e00000|100%| O|  |TAMS 0x00000000e2d00000, 0x00000000e2d00000| Untracked 
|  46|0x00000000e2e00000, 0x00000000e2f00000, 0x00000000e2f00000|100%| O|  |TAMS 0x00000000e2e00000, 0x00000000e2e00000| Untracked 
|  47|0x00000000e2f00000, 0x00000000e3000000, 0x00000000e3000000|100%| O|  |TAMS 0x00000000e2f00000, 0x00000000e2f00000| Untracked 
|  48|0x00000000e3000000, 0x00000000e30e6200, 0x00000000e3100000| 89%| O|  |TAMS 0x00000000e3000000, 0x00000000e3000000| Untracked 
|  49|0x00000000e3100000, 0x00000000e3100000, 0x00000000e3200000|  0%| F|  |TAMS 0x00000000e3100000, 0x00000000e3100000| Untracked 
|  50|0x00000000e3200000, 0x00000000e3200000, 0x00000000e3300000|  0%| F|  |TAMS 0x00000000e3200000, 0x00000000e3200000| Untracked 
|  51|0x00000000e3300000, 0x00000000e3300000, 0x00000000e3400000|  0%| F|  |TAMS 0x00000000e3300000, 0x00000000e3300000| Untracked 
|  52|0x00000000e3400000, 0x00000000e3400000, 0x00000000e3500000|  0%| F|  |TAMS 0x00000000e3400000, 0x00000000e3400000| Untracked 
|  53|0x00000000e3500000, 0x00000000e3500000, 0x00000000e3600000|  0%| F|  |TAMS 0x00000000e3500000, 0x00000000e3500000| Untracked 
|  54|0x00000000e3600000, 0x00000000e3600000, 0x00000000e3700000|  0%| F|  |TAMS 0x00000000e3600000, 0x00000000e3600000| Untracked 
|  55|0x00000000e3700000, 0x00000000e3700000, 0x00000000e3800000|  0%| F|  |TAMS 0x00000000e3700000, 0x00000000e3700000| Untracked 
|  56|0x00000000e3800000, 0x00000000e3800000, 0x00000000e3900000|  0%| F|  |TAMS 0x00000000e3800000, 0x00000000e3800000| Untracked 
|  57|0x00000000e3900000, 0x00000000e3900000, 0x00000000e3a00000|  0%| F|  |TAMS 0x00000000e3900000, 0x00000000e3900000| Untracked 
|  58|0x00000000e3a00000, 0x00000000e3a00000, 0x00000000e3b00000|  0%| F|  |TAMS 0x00000000e3a00000, 0x00000000e3a00000| Untracked 
|  59|0x00000000e3b00000, 0x00000000e3b00000, 0x00000000e3c00000|  0%| F|  |TAMS 0x00000000e3b00000, 0x00000000e3b00000| Untracked 
|  60|0x00000000e3c00000, 0x00000000e3c00000, 0x00000000e3d00000|  0%| F|  |TAMS 0x00000000e3c00000, 0x00000000e3c00000| Untracked 
|  61|0x00000000e3d00000, 0x00000000e3d00000, 0x00000000e3e00000|  0%| F|  |TAMS 0x00000000e3d00000, 0x00000000e3d00000| Untracked 
|  62|0x00000000e3e00000, 0x00000000e3e00000, 0x00000000e3f00000|  0%| F|  |TAMS 0x00000000e3e00000, 0x00000000e3e00000| Untracked 
|  63|0x00000000e3f00000, 0x00000000e3f00000, 0x00000000e4000000|  0%| F|  |TAMS 0x00000000e3f00000, 0x00000000e3f00000| Untracked 
|  64|0x00000000e4000000, 0x00000000e4000000, 0x00000000e4100000|  0%| F|  |TAMS 0x00000000e4000000, 0x00000000e4000000| Untracked 
|  65|0x00000000e4100000, 0x00000000e4100000, 0x00000000e4200000|  0%| F|  |TAMS 0x00000000e4100000, 0x00000000e4100000| Untracked 
|  66|0x00000000e4200000, 0x00000000e4200000, 0x00000000e4300000|  0%| F|  |TAMS 0x00000000e4200000, 0x00000000e4200000| Untracked 
|  67|0x00000000e4300000, 0x00000000e4300000, 0x00000000e4400000|  0%| F|  |TAMS 0x00000000e4300000, 0x00000000e4300000| Untracked 
|  68|0x00000000e4400000, 0x00000000e4400000, 0x00000000e4500000|  0%| F|  |TAMS 0x00000000e4400000, 0x00000000e4400000| Untracked 
|  69|0x00000000e4500000, 0x00000000e4500000, 0x00000000e4600000|  0%| F|  |TAMS 0x00000000e4500000, 0x00000000e4500000| Untracked 
|  70|0x00000000e4600000, 0x00000000e4600000, 0x00000000e4700000|  0%| F|  |TAMS 0x00000000e4600000, 0x00000000e4600000| Untracked 
|  71|0x00000000e4700000, 0x00000000e4700000, 0x00000000e4800000|  0%| F|  |TAMS 0x00000000e4700000, 0x00000000e4700000| Untracked 
|  72|0x00000000e4800000, 0x00000000e4800000, 0x00000000e4900000|  0%| F|  |TAMS 0x00000000e4800000, 0x00000000e4800000| Untracked 
|  73|0x00000000e4900000, 0x00000000e4900000, 0x00000000e4a00000|  0%| F|  |TAMS 0x00000000e4900000, 0x00000000e4900000| Untracked 
|  74|0x00000000e4a00000, 0x00000000e4a00000, 0x00000000e4b00000|  0%| F|  |TAMS 0x00000000e4a00000, 0x00000000e4a00000| Untracked 
|  75|0x00000000e4b00000, 0x00000000e4b00000, 0x00000000e4c00000|  0%| F|  |TAMS 0x00000000e4b00000, 0x00000000e4b00000| Untracked 
|  76|0x00000000e4c00000, 0x00000000e4c00000, 0x00000000e4d00000|  0%| F|  |TAMS 0x00000000e4c00000, 0x00000000e4c00000| Untracked 
|  77|0x00000000e4d00000, 0x00000000e4d00000, 0x00000000e4e00000|  0%| F|  |TAMS 0x00000000e4d00000, 0x00000000e4d00000| Untracked 
|  78|0x00000000e4e00000, 0x00000000e4e00000, 0x00000000e4f00000|  0%| F|  |TAMS 0x00000000e4e00000, 0x00000000e4e00000| Untracked 
|  79|0x00000000e4f00000, 0x00000000e4f00000, 0x00000000e5000000|  0%| F|  |TAMS 0x00000000e4f00000, 0x00000000e4f00000| Untracked 
|  80|0x00000000e5000000, 0x00000000e5000000, 0x00000000e5100000|  0%| F|  |TAMS 0x00000000e5000000, 0x00000000e5000000| Untracked 
|  81|0x00000000e5100000, 0x00000000e5100000, 0x00000000e5200000|  0%| F|  |TAMS 0x00000000e5100000, 0x00000000e5100000| Untracked 
|  82|0x00000000e5200000, 0x00000000e5200000, 0x00000000e5300000|  0%| F|  |TAMS 0x00000000e5200000, 0x00000000e5200000| Untracked 
|  83|0x00000000e5300000, 0x00000000e5300000, 0x00000000e5400000|  0%| F|  |TAMS 0x00000000e5300000, 0x00000000e5300000| Untracked 
|  84|0x00000000e5400000, 0x00000000e5400000, 0x00000000e5500000|  0%| F|  |TAMS 0x00000000e5400000, 0x00000000e5400000| Untracked 
|  85|0x00000000e5500000, 0x00000000e5500000, 0x00000000e5600000|  0%| F|  |TAMS 0x00000000e5500000, 0x00000000e5500000| Untracked 
|  86|0x00000000e5600000, 0x00000000e5600000, 0x00000000e5700000|  0%| F|  |TAMS 0x00000000e5600000, 0x00000000e5600000| Untracked 
|  87|0x00000000e5700000, 0x00000000e5700000, 0x00000000e5800000|  0%| F|  |TAMS 0x00000000e5700000, 0x00000000e5700000| Untracked 
|  88|0x00000000e5800000, 0x00000000e5800000, 0x00000000e5900000|  0%| F|  |TAMS 0x00000000e5800000, 0x00000000e5800000| Untracked 
|  89|0x00000000e5900000, 0x00000000e5900000, 0x00000000e5a00000|  0%| F|  |TAMS 0x00000000e5900000, 0x00000000e5900000| Untracked 
|  90|0x00000000e5a00000, 0x00000000e5a00000, 0x00000000e5b00000|  0%| F|  |TAMS 0x00000000e5a00000, 0x00000000e5a00000| Untracked 
|  91|0x00000000e5b00000, 0x00000000e5b00000, 0x00000000e5c00000|  0%| F|  |TAMS 0x00000000e5b00000, 0x00000000e5b00000| Untracked 
|  92|0x00000000e5c00000, 0x00000000e5c00000, 0x00000000e5d00000|  0%| F|  |TAMS 0x00000000e5c00000, 0x00000000e5c00000| Untracked 
|  93|0x00000000e5d00000, 0x00000000e5d00000, 0x00000000e5e00000|  0%| F|  |TAMS 0x00000000e5d00000, 0x00000000e5d00000| Untracked 
|  94|0x00000000e5e00000, 0x00000000e5e00000, 0x00000000e5f00000|  0%| F|  |TAMS 0x00000000e5e00000, 0x00000000e5e00000| Untracked 
|  95|0x00000000e5f00000, 0x00000000e5f00000, 0x00000000e6000000|  0%| F|  |TAMS 0x00000000e5f00000, 0x00000000e5f00000| Untracked 
|  96|0x00000000e6000000, 0x00000000e6000000, 0x00000000e6100000|  0%| F|  |TAMS 0x00000000e6000000, 0x00000000e6000000| Untracked 
|  97|0x00000000e6100000, 0x00000000e6100000, 0x00000000e6200000|  0%| F|  |TAMS 0x00000000e6100000, 0x00000000e6100000| Untracked 
|  98|0x00000000e6200000, 0x00000000e6200000, 0x00000000e6300000|  0%| F|  |TAMS 0x00000000e6200000, 0x00000000e6200000| Untracked 
|  99|0x00000000e6300000, 0x00000000e6300000, 0x00000000e6400000|  0%| F|  |TAMS 0x00000000e6300000, 0x00000000e6300000| Untracked 
| 100|0x00000000e6400000, 0x00000000e6400000, 0x00000000e6500000|  0%| F|  |TAMS 0x00000000e6400000, 0x00000000e6400000| Untracked 
| 101|0x00000000e6500000, 0x00000000e6500000, 0x00000000e6600000|  0%| F|  |TAMS 0x00000000e6500000, 0x00000000e6500000| Untracked 
| 102|0x00000000e6600000, 0x00000000e6600000, 0x00000000e6700000|  0%| F|  |TAMS 0x00000000e6600000, 0x00000000e6600000| Untracked 
| 103|0x00000000e6700000, 0x00000000e6700000, 0x00000000e6800000|  0%| F|  |TAMS 0x00000000e6700000, 0x00000000e6700000| Untracked 
| 104|0x00000000e6800000, 0x00000000e6800000, 0x00000000e6900000|  0%| F|  |TAMS 0x00000000e6800000, 0x00000000e6800000| Untracked 
| 105|0x00000000e6900000, 0x00000000e6900000, 0x00000000e6a00000|  0%| F|  |TAMS 0x00000000e6900000, 0x00000000e6900000| Untracked 
| 106|0x00000000e6a00000, 0x00000000e6a00000, 0x00000000e6b00000|  0%| F|  |TAMS 0x00000000e6a00000, 0x00000000e6a00000| Untracked 
| 107|0x00000000e6b00000, 0x00000000e6b00000, 0x00000000e6c00000|  0%| F|  |TAMS 0x00000000e6b00000, 0x00000000e6b00000| Untracked 
| 108|0x00000000e6c00000, 0x00000000e6c00000, 0x00000000e6d00000|  0%| F|  |TAMS 0x00000000e6c00000, 0x00000000e6c00000| Untracked 
| 109|0x00000000e6d00000, 0x00000000e6d00000, 0x00000000e6e00000|  0%| F|  |TAMS 0x00000000e6d00000, 0x00000000e6d00000| Untracked 
| 110|0x00000000e6e00000, 0x00000000e6e00000, 0x00000000e6f00000|  0%| F|  |TAMS 0x00000000e6e00000, 0x00000000e6e00000| Untracked 
| 111|0x00000000e6f00000, 0x00000000e6f00000, 0x00000000e7000000|  0%| F|  |TAMS 0x00000000e6f00000, 0x00000000e6f00000| Untracked 
| 112|0x00000000e7000000, 0x00000000e7000000, 0x00000000e7100000|  0%| F|  |TAMS 0x00000000e7000000, 0x00000000e7000000| Untracked 
| 113|0x00000000e7100000, 0x00000000e7100000, 0x00000000e7200000|  0%| F|  |TAMS 0x00000000e7100000, 0x00000000e7100000| Untracked 
| 114|0x00000000e7200000, 0x00000000e7200000, 0x00000000e7300000|  0%| F|  |TAMS 0x00000000e7200000, 0x00000000e7200000| Untracked 
| 115|0x00000000e7300000, 0x00000000e7300000, 0x00000000e7400000|  0%| F|  |TAMS 0x00000000e7300000, 0x00000000e7300000| Untracked 
| 116|0x00000000e7400000, 0x00000000e7400000, 0x00000000e7500000|  0%| F|  |TAMS 0x00000000e7400000, 0x00000000e7400000| Untracked 
| 117|0x00000000e7500000, 0x00000000e7500000, 0x00000000e7600000|  0%| F|  |TAMS 0x00000000e7500000, 0x00000000e7500000| Untracked 
| 118|0x00000000e7600000, 0x00000000e7600000, 0x00000000e7700000|  0%| F|  |TAMS 0x00000000e7600000, 0x00000000e7600000| Untracked 
| 119|0x00000000e7700000, 0x00000000e7700000, 0x00000000e7800000|  0%| F|  |TAMS 0x00000000e7700000, 0x00000000e7700000| Untracked 
| 120|0x00000000e7800000, 0x00000000e7800000, 0x00000000e7900000|  0%| F|  |TAMS 0x00000000e7800000, 0x00000000e7800000| Untracked 
| 121|0x00000000e7900000, 0x00000000e7900000, 0x00000000e7a00000|  0%| F|  |TAMS 0x00000000e7900000, 0x00000000e7900000| Untracked 
| 122|0x00000000e7a00000, 0x00000000e7a00000, 0x00000000e7b00000|  0%| F|  |TAMS 0x00000000e7a00000, 0x00000000e7a00000| Untracked 
| 123|0x00000000e7b00000, 0x00000000e7b00000, 0x00000000e7c00000|  0%| F|  |TAMS 0x00000000e7b00000, 0x00000000e7b00000| Untracked 
| 124|0x00000000e7c00000, 0x00000000e7c00000, 0x00000000e7d00000|  0%| F|  |TAMS 0x00000000e7c00000, 0x00000000e7c00000| Untracked 
| 125|0x00000000e7d00000, 0x00000000e7d00000, 0x00000000e7e00000|  0%| F|  |TAMS 0x00000000e7d00000, 0x00000000e7d00000| Untracked 
| 126|0x00000000e7e00000, 0x00000000e7e00000, 0x00000000e7f00000|  0%| F|  |TAMS 0x00000000e7e00000, 0x00000000e7e00000| Untracked 
| 127|0x00000000e7f00000, 0x00000000e7f00000, 0x00000000e8000000|  0%| F|  |TAMS 0x00000000e7f00000, 0x00000000e7f00000| Untracked 
| 128|0x00000000e8000000, 0x00000000e8000000, 0x00000000e8100000|  0%| F|  |TAMS 0x00000000e8000000, 0x00000000e8000000| Untracked 
| 129|0x00000000e8100000, 0x00000000e8100000, 0x00000000e8200000|  0%| F|  |TAMS 0x00000000e8100000, 0x00000000e8100000| Untracked 
| 130|0x00000000e8200000, 0x00000000e8200000, 0x00000000e8300000|  0%| F|  |TAMS 0x00000000e8200000, 0x00000000e8200000| Untracked 
| 131|0x00000000e8300000, 0x00000000e8300000, 0x00000000e8400000|  0%| F|  |TAMS 0x00000000e8300000, 0x00000000e8300000| Untracked 
| 132|0x00000000e8400000, 0x00000000e8400000, 0x00000000e8500000|  0%| F|  |TAMS 0x00000000e8400000, 0x00000000e8400000| Untracked 
| 133|0x00000000e8500000, 0x00000000e8500000, 0x00000000e8600000|  0%| F|  |TAMS 0x00000000e8500000, 0x00000000e8500000| Untracked 
| 134|0x00000000e8600000, 0x00000000e8600000, 0x00000000e8700000|  0%| F|  |TAMS 0x00000000e8600000, 0x00000000e8600000| Untracked 
| 135|0x00000000e8700000, 0x00000000e8700000, 0x00000000e8800000|  0%| F|  |TAMS 0x00000000e8700000, 0x00000000e8700000| Untracked 
| 136|0x00000000e8800000, 0x00000000e8800000, 0x00000000e8900000|  0%| F|  |TAMS 0x00000000e8800000, 0x00000000e8800000| Untracked 
| 137|0x00000000e8900000, 0x00000000e8900000, 0x00000000e8a00000|  0%| F|  |TAMS 0x00000000e8900000, 0x00000000e8900000| Untracked 
| 138|0x00000000e8a00000, 0x00000000e8a00000, 0x00000000e8b00000|  0%| F|  |TAMS 0x00000000e8a00000, 0x00000000e8a00000| Untracked 
| 139|0x00000000e8b00000, 0x00000000e8b00000, 0x00000000e8c00000|  0%| F|  |TAMS 0x00000000e8b00000, 0x00000000e8b00000| Untracked 
| 140|0x00000000e8c00000, 0x00000000e8c00000, 0x00000000e8d00000|  0%| F|  |TAMS 0x00000000e8c00000, 0x00000000e8c00000| Untracked 
| 141|0x00000000e8d00000, 0x00000000e8d00000, 0x00000000e8e00000|  0%| F|  |TAMS 0x00000000e8d00000, 0x00000000e8d00000| Untracked 
| 142|0x00000000e8e00000, 0x00000000e8e00000, 0x00000000e8f00000|  0%| F|  |TAMS 0x00000000e8e00000, 0x00000000e8e00000| Untracked 
| 143|0x00000000e8f00000, 0x00000000e8f00000, 0x00000000e9000000|  0%| F|  |TAMS 0x00000000e8f00000, 0x00000000e8f00000| Untracked 
| 144|0x00000000e9000000, 0x00000000e9000000, 0x00000000e9100000|  0%| F|  |TAMS 0x00000000e9000000, 0x00000000e9000000| Untracked 
| 145|0x00000000e9100000, 0x00000000e9100000, 0x00000000e9200000|  0%| F|  |TAMS 0x00000000e9100000, 0x00000000e9100000| Untracked 
| 146|0x00000000e9200000, 0x00000000e9200000, 0x00000000e9300000|  0%| F|  |TAMS 0x00000000e9200000, 0x00000000e9200000| Untracked 
| 147|0x00000000e9300000, 0x00000000e9300000, 0x00000000e9400000|  0%| F|  |TAMS 0x00000000e9300000, 0x00000000e9300000| Untracked 
| 148|0x00000000e9400000, 0x00000000e9400000, 0x00000000e9500000|  0%| F|  |TAMS 0x00000000e9400000, 0x00000000e9400000| Untracked 
| 149|0x00000000e9500000, 0x00000000e9500000, 0x00000000e9600000|  0%| F|  |TAMS 0x00000000e9500000, 0x00000000e9500000| Untracked 
| 150|0x00000000e9600000, 0x00000000e9600000, 0x00000000e9700000|  0%| F|  |TAMS 0x00000000e9600000, 0x00000000e9600000| Untracked 
| 151|0x00000000e9700000, 0x00000000e9700000, 0x00000000e9800000|  0%| F|  |TAMS 0x00000000e9700000, 0x00000000e9700000| Untracked 
| 152|0x00000000e9800000, 0x00000000e9800000, 0x00000000e9900000|  0%| F|  |TAMS 0x00000000e9800000, 0x00000000e9800000| Untracked 
| 153|0x00000000e9900000, 0x00000000e9900000, 0x00000000e9a00000|  0%| F|  |TAMS 0x00000000e9900000, 0x00000000e9900000| Untracked 
| 154|0x00000000e9a00000, 0x00000000e9a00000, 0x00000000e9b00000|  0%| F|  |TAMS 0x00000000e9a00000, 0x00000000e9a00000| Untracked 
| 155|0x00000000e9b00000, 0x00000000e9b00000, 0x00000000e9c00000|  0%| F|  |TAMS 0x00000000e9b00000, 0x00000000e9b00000| Untracked 
| 156|0x00000000e9c00000, 0x00000000e9c00000, 0x00000000e9d00000|  0%| F|  |TAMS 0x00000000e9c00000, 0x00000000e9c00000| Untracked 
| 157|0x00000000e9d00000, 0x00000000e9d00000, 0x00000000e9e00000|  0%| F|  |TAMS 0x00000000e9d00000, 0x00000000e9d00000| Untracked 
| 158|0x00000000e9e00000, 0x00000000e9e00000, 0x00000000e9f00000|  0%| F|  |TAMS 0x00000000e9e00000, 0x00000000e9e00000| Untracked 
| 159|0x00000000e9f00000, 0x00000000e9f00000, 0x00000000ea000000|  0%| F|  |TAMS 0x00000000e9f00000, 0x00000000e9f00000| Untracked 
| 160|0x00000000ea000000, 0x00000000ea000000, 0x00000000ea100000|  0%| F|  |TAMS 0x00000000ea000000, 0x00000000ea000000| Untracked 
| 161|0x00000000ea100000, 0x00000000ea100000, 0x00000000ea200000|  0%| F|  |TAMS 0x00000000ea100000, 0x00000000ea100000| Untracked 
| 162|0x00000000ea200000, 0x00000000ea200000, 0x00000000ea300000|  0%| F|  |TAMS 0x00000000ea200000, 0x00000000ea200000| Untracked 
| 163|0x00000000ea300000, 0x00000000ea300000, 0x00000000ea400000|  0%| F|  |TAMS 0x00000000ea300000, 0x00000000ea300000| Untracked 
| 164|0x00000000ea400000, 0x00000000ea400000, 0x00000000ea500000|  0%| F|  |TAMS 0x00000000ea400000, 0x00000000ea400000| Untracked 
| 165|0x00000000ea500000, 0x00000000ea500000, 0x00000000ea600000|  0%| F|  |TAMS 0x00000000ea500000, 0x00000000ea500000| Untracked 
| 166|0x00000000ea600000, 0x00000000ea600000, 0x00000000ea700000|  0%| F|  |TAMS 0x00000000ea600000, 0x00000000ea600000| Untracked 
| 167|0x00000000ea700000, 0x00000000ea700000, 0x00000000ea800000|  0%| F|  |TAMS 0x00000000ea700000, 0x00000000ea700000| Untracked 
| 168|0x00000000ea800000, 0x00000000ea800000, 0x00000000ea900000|  0%| F|  |TAMS 0x00000000ea800000, 0x00000000ea800000| Untracked 
| 169|0x00000000ea900000, 0x00000000ea900000, 0x00000000eaa00000|  0%| F|  |TAMS 0x00000000ea900000, 0x00000000ea900000| Untracked 
| 170|0x00000000eaa00000, 0x00000000eaa00000, 0x00000000eab00000|  0%| F|  |TAMS 0x00000000eaa00000, 0x00000000eaa00000| Untracked 
| 171|0x00000000eab00000, 0x00000000eab00000, 0x00000000eac00000|  0%| F|  |TAMS 0x00000000eab00000, 0x00000000eab00000| Untracked 
| 172|0x00000000eac00000, 0x00000000eac00000, 0x00000000ead00000|  0%| F|  |TAMS 0x00000000eac00000, 0x00000000eac00000| Untracked 
| 173|0x00000000ead00000, 0x00000000ead00000, 0x00000000eae00000|  0%| F|  |TAMS 0x00000000ead00000, 0x00000000ead00000| Untracked 
| 174|0x00000000eae00000, 0x00000000eae00000, 0x00000000eaf00000|  0%| F|  |TAMS 0x00000000eae00000, 0x00000000eae00000| Untracked 
| 175|0x00000000eaf00000, 0x00000000eaf00000, 0x00000000eb000000|  0%| F|  |TAMS 0x00000000eaf00000, 0x00000000eaf00000| Untracked 
| 176|0x00000000eb000000, 0x00000000eb000000, 0x00000000eb100000|  0%| F|  |TAMS 0x00000000eb000000, 0x00000000eb000000| Untracked 
| 177|0x00000000eb100000, 0x00000000eb100000, 0x00000000eb200000|  0%| F|  |TAMS 0x00000000eb100000, 0x00000000eb100000| Untracked 
| 178|0x00000000eb200000, 0x00000000eb200000, 0x00000000eb300000|  0%| F|  |TAMS 0x00000000eb200000, 0x00000000eb200000| Untracked 
| 179|0x00000000eb300000, 0x00000000eb300000, 0x00000000eb400000|  0%| F|  |TAMS 0x00000000eb300000, 0x00000000eb300000| Untracked 
| 180|0x00000000eb400000, 0x00000000eb400000, 0x00000000eb500000|  0%| F|  |TAMS 0x00000000eb400000, 0x00000000eb400000| Untracked 
| 181|0x00000000eb500000, 0x00000000eb500000, 0x00000000eb600000|  0%| F|  |TAMS 0x00000000eb500000, 0x00000000eb500000| Untracked 
| 182|0x00000000eb600000, 0x00000000eb600000, 0x00000000eb700000|  0%| F|  |TAMS 0x00000000eb600000, 0x00000000eb600000| Untracked 
| 183|0x00000000eb700000, 0x00000000eb700000, 0x00000000eb800000|  0%| F|  |TAMS 0x00000000eb700000, 0x00000000eb700000| Untracked 
| 184|0x00000000eb800000, 0x00000000eb800000, 0x00000000eb900000|  0%| F|  |TAMS 0x00000000eb800000, 0x00000000eb800000| Untracked 
| 185|0x00000000eb900000, 0x00000000eb900000, 0x00000000eba00000|  0%| F|  |TAMS 0x00000000eb900000, 0x00000000eb900000| Untracked 
| 186|0x00000000eba00000, 0x00000000eba00000, 0x00000000ebb00000|  0%| F|  |TAMS 0x00000000eba00000, 0x00000000eba00000| Untracked 
| 187|0x00000000ebb00000, 0x00000000ebb00000, 0x00000000ebc00000|  0%| F|  |TAMS 0x00000000ebb00000, 0x00000000ebb00000| Untracked 
| 188|0x00000000ebc00000, 0x00000000ebc00000, 0x00000000ebd00000|  0%| F|  |TAMS 0x00000000ebc00000, 0x00000000ebc00000| Untracked 
| 189|0x00000000ebd00000, 0x00000000ebd00000, 0x00000000ebe00000|  0%| F|  |TAMS 0x00000000ebd00000, 0x00000000ebd00000| Untracked 
| 190|0x00000000ebe00000, 0x00000000ebe00000, 0x00000000ebf00000|  0%| F|  |TAMS 0x00000000ebe00000, 0x00000000ebe00000| Untracked 
| 191|0x00000000ebf00000, 0x00000000ebf00000, 0x00000000ec000000|  0%| F|  |TAMS 0x00000000ebf00000, 0x00000000ebf00000| Untracked 
| 192|0x00000000ec000000, 0x00000000ec000000, 0x00000000ec100000|  0%| F|  |TAMS 0x00000000ec000000, 0x00000000ec000000| Untracked 
| 193|0x00000000ec100000, 0x00000000ec100000, 0x00000000ec200000|  0%| F|  |TAMS 0x00000000ec100000, 0x00000000ec100000| Untracked 
| 194|0x00000000ec200000, 0x00000000ec200000, 0x00000000ec300000|  0%| F|  |TAMS 0x00000000ec200000, 0x00000000ec200000| Untracked 
| 195|0x00000000ec300000, 0x00000000ec300000, 0x00000000ec400000|  0%| F|  |TAMS 0x00000000ec300000, 0x00000000ec300000| Untracked 
| 196|0x00000000ec400000, 0x00000000ec400000, 0x00000000ec500000|  0%| F|  |TAMS 0x00000000ec400000, 0x00000000ec400000| Untracked 
| 197|0x00000000ec500000, 0x00000000ec500000, 0x00000000ec600000|  0%| F|  |TAMS 0x00000000ec500000, 0x00000000ec500000| Untracked 
| 198|0x00000000ec600000, 0x00000000ec600000, 0x00000000ec700000|  0%| F|  |TAMS 0x00000000ec600000, 0x00000000ec600000| Untracked 
| 199|0x00000000ec700000, 0x00000000ec700000, 0x00000000ec800000|  0%| F|  |TAMS 0x00000000ec700000, 0x00000000ec700000| Untracked 
| 200|0x00000000ec800000, 0x00000000ec800000, 0x00000000ec900000|  0%| F|  |TAMS 0x00000000ec800000, 0x00000000ec800000| Untracked 
| 201|0x00000000ec900000, 0x00000000ec900000, 0x00000000eca00000|  0%| F|  |TAMS 0x00000000ec900000, 0x00000000ec900000| Untracked 
| 202|0x00000000eca00000, 0x00000000eca00000, 0x00000000ecb00000|  0%| F|  |TAMS 0x00000000eca00000, 0x00000000eca00000| Untracked 
| 203|0x00000000ecb00000, 0x00000000ecb00000, 0x00000000ecc00000|  0%| F|  |TAMS 0x00000000ecb00000, 0x00000000ecb00000| Untracked 
| 204|0x00000000ecc00000, 0x00000000ecc00000, 0x00000000ecd00000|  0%| F|  |TAMS 0x00000000ecc00000, 0x00000000ecc00000| Untracked 
| 205|0x00000000ecd00000, 0x00000000ecd00000, 0x00000000ece00000|  0%| F|  |TAMS 0x00000000ecd00000, 0x00000000ecd00000| Untracked 
| 206|0x00000000ece00000, 0x00000000ece00000, 0x00000000ecf00000|  0%| F|  |TAMS 0x00000000ece00000, 0x00000000ece00000| Untracked 
| 207|0x00000000ecf00000, 0x00000000ecf00000, 0x00000000ed000000|  0%| F|  |TAMS 0x00000000ecf00000, 0x00000000ecf00000| Untracked 
| 208|0x00000000ed000000, 0x00000000ed000000, 0x00000000ed100000|  0%| F|  |TAMS 0x00000000ed000000, 0x00000000ed000000| Untracked 
| 209|0x00000000ed100000, 0x00000000ed100000, 0x00000000ed200000|  0%| F|  |TAMS 0x00000000ed100000, 0x00000000ed100000| Untracked 
| 210|0x00000000ed200000, 0x00000000ed200000, 0x00000000ed300000|  0%| F|  |TAMS 0x00000000ed200000, 0x00000000ed200000| Untracked 
| 211|0x00000000ed300000, 0x00000000ed300000, 0x00000000ed400000|  0%| F|  |TAMS 0x00000000ed300000, 0x00000000ed300000| Untracked 
| 212|0x00000000ed400000, 0x00000000ed400000, 0x00000000ed500000|  0%| F|  |TAMS 0x00000000ed400000, 0x00000000ed400000| Untracked 
| 213|0x00000000ed500000, 0x00000000ed500000, 0x00000000ed600000|  0%| F|  |TAMS 0x00000000ed500000, 0x00000000ed500000| Untracked 
| 214|0x00000000ed600000, 0x00000000ed600000, 0x00000000ed700000|  0%| F|  |TAMS 0x00000000ed600000, 0x00000000ed600000| Untracked 
| 215|0x00000000ed700000, 0x00000000ed700000, 0x00000000ed800000|  0%| F|  |TAMS 0x00000000ed700000, 0x00000000ed700000| Untracked 
| 216|0x00000000ed800000, 0x00000000ed800000, 0x00000000ed900000|  0%| F|  |TAMS 0x00000000ed800000, 0x00000000ed800000| Untracked 
| 217|0x00000000ed900000, 0x00000000ed900000, 0x00000000eda00000|  0%| F|  |TAMS 0x00000000ed900000, 0x00000000ed900000| Untracked 
| 218|0x00000000eda00000, 0x00000000eda00000, 0x00000000edb00000|  0%| F|  |TAMS 0x00000000eda00000, 0x00000000eda00000| Untracked 
| 219|0x00000000edb00000, 0x00000000edb00000, 0x00000000edc00000|  0%| F|  |TAMS 0x00000000edb00000, 0x00000000edb00000| Untracked 
| 220|0x00000000edc00000, 0x00000000edc00000, 0x00000000edd00000|  0%| F|  |TAMS 0x00000000edc00000, 0x00000000edc00000| Untracked 
| 221|0x00000000edd00000, 0x00000000edd00000, 0x00000000ede00000|  0%| F|  |TAMS 0x00000000edd00000, 0x00000000edd00000| Untracked 
| 222|0x00000000ede00000, 0x00000000ede00000, 0x00000000edf00000|  0%| F|  |TAMS 0x00000000ede00000, 0x00000000ede00000| Untracked 
| 223|0x00000000edf00000, 0x00000000edf00000, 0x00000000ee000000|  0%| F|  |TAMS 0x00000000edf00000, 0x00000000edf00000| Untracked 
| 224|0x00000000ee000000, 0x00000000ee000000, 0x00000000ee100000|  0%| F|  |TAMS 0x00000000ee000000, 0x00000000ee000000| Untracked 
| 225|0x00000000ee100000, 0x00000000ee100000, 0x00000000ee200000|  0%| F|  |TAMS 0x00000000ee100000, 0x00000000ee100000| Untracked 
| 226|0x00000000ee200000, 0x00000000ee200000, 0x00000000ee300000|  0%| F|  |TAMS 0x00000000ee200000, 0x00000000ee200000| Untracked 
| 227|0x00000000ee300000, 0x00000000ee300000, 0x00000000ee400000|  0%| F|  |TAMS 0x00000000ee300000, 0x00000000ee300000| Untracked 
| 228|0x00000000ee400000, 0x00000000ee400000, 0x00000000ee500000|  0%| F|  |TAMS 0x00000000ee400000, 0x00000000ee400000| Untracked 
| 229|0x00000000ee500000, 0x00000000ee500000, 0x00000000ee600000|  0%| F|  |TAMS 0x00000000ee500000, 0x00000000ee500000| Untracked 
| 230|0x00000000ee600000, 0x00000000ee700000, 0x00000000ee700000|100%| E|  |TAMS 0x00000000ee600000, 0x00000000ee600000| Complete 
| 231|0x00000000ee700000, 0x00000000ee800000, 0x00000000ee800000|100%| E|CS|TAMS 0x00000000ee700000, 0x00000000ee700000| Complete 
| 232|0x00000000ee800000, 0x00000000ee900000, 0x00000000ee900000|100%| E|CS|TAMS 0x00000000ee800000, 0x00000000ee800000| Complete 
| 233|0x00000000ee900000, 0x00000000eea00000, 0x00000000eea00000|100%| E|CS|TAMS 0x00000000ee900000, 0x00000000ee900000| Complete 
| 234|0x00000000eea00000, 0x00000000eeb00000, 0x00000000eeb00000|100%| E|CS|TAMS 0x00000000eea00000, 0x00000000eea00000| Complete 
| 235|0x00000000eeb00000, 0x00000000eebb4750, 0x00000000eec00000| 70%| S|CS|TAMS 0x00000000eeb00000, 0x00000000eeb00000| Complete 
| 236|0x00000000eec00000, 0x00000000eed00000, 0x00000000eed00000|100%| S|CS|TAMS 0x00000000eec00000, 0x00000000eec00000| Complete 
| 237|0x00000000eed00000, 0x00000000eee00000, 0x00000000eee00000|100%| S|CS|TAMS 0x00000000eed00000, 0x00000000eed00000| Complete 
| 238|0x00000000eee00000, 0x00000000eef00000, 0x00000000eef00000|100%| S|CS|TAMS 0x00000000eee00000, 0x00000000eee00000| Complete 
| 239|0x00000000eef00000, 0x00000000ef000000, 0x00000000ef000000|100%| E|CS|TAMS 0x00000000eef00000, 0x00000000eef00000| Complete 
| 240|0x00000000ef000000, 0x00000000ef100000, 0x00000000ef100000|100%| E|CS|TAMS 0x00000000ef000000, 0x00000000ef000000| Complete 
| 241|0x00000000ef100000, 0x00000000ef200000, 0x00000000ef200000|100%| E|CS|TAMS 0x00000000ef100000, 0x00000000ef100000| Complete 
| 242|0x00000000ef200000, 0x00000000ef300000, 0x00000000ef300000|100%| E|CS|TAMS 0x00000000ef200000, 0x00000000ef200000| Complete 
| 243|0x00000000ef300000, 0x00000000ef400000, 0x00000000ef400000|100%| E|CS|TAMS 0x00000000ef300000, 0x00000000ef300000| Complete 
| 244|0x00000000ef400000, 0x00000000ef500000, 0x00000000ef500000|100%| E|CS|TAMS 0x00000000ef400000, 0x00000000ef400000| Complete 
| 245|0x00000000ef500000, 0x00000000ef600000, 0x00000000ef600000|100%| E|CS|TAMS 0x00000000ef500000, 0x00000000ef500000| Complete 
| 246|0x00000000ef600000, 0x00000000ef700000, 0x00000000ef700000|100%| E|CS|TAMS 0x00000000ef600000, 0x00000000ef600000| Complete 
| 247|0x00000000ef700000, 0x00000000ef800000, 0x00000000ef800000|100%| E|CS|TAMS 0x00000000ef700000, 0x00000000ef700000| Complete 
| 248|0x00000000ef800000, 0x00000000ef900000, 0x00000000ef900000|100%| E|CS|TAMS 0x00000000ef800000, 0x00000000ef800000| Complete 
| 249|0x00000000ef900000, 0x00000000efa00000, 0x00000000efa00000|100%| E|CS|TAMS 0x00000000ef900000, 0x00000000ef900000| Complete 
| 250|0x00000000efa00000, 0x00000000efb00000, 0x00000000efb00000|100%| E|CS|TAMS 0x00000000efa00000, 0x00000000efa00000| Complete 
| 251|0x00000000efb00000, 0x00000000efc00000, 0x00000000efc00000|100%| E|CS|TAMS 0x00000000efb00000, 0x00000000efb00000| Complete 
| 252|0x00000000efc00000, 0x00000000efd00000, 0x00000000efd00000|100%| E|CS|TAMS 0x00000000efc00000, 0x00000000efc00000| Complete 
| 253|0x00000000efd00000, 0x00000000efe00000, 0x00000000efe00000|100%| E|CS|TAMS 0x00000000efd00000, 0x00000000efd00000| Complete 
| 254|0x00000000efe00000, 0x00000000eff00000, 0x00000000eff00000|100%| E|CS|TAMS 0x00000000efe00000, 0x00000000efe00000| Complete 
| 255|0x00000000eff00000, 0x00000000f0000000, 0x00000000f0000000|100%| E|CS|TAMS 0x00000000eff00000, 0x00000000eff00000| Complete 

Card table byte_map: [0x00000184fe800000,0x00000184fe900000] _byte_map_base: 0x00000184fe100000

Marking Bits (Prev, Next): (CMBitMap*) 0x00000184e737c540, (CMBitMap*) 0x00000184e737c500
 Prev Bits: [0x00000184ff200000, 0x00000184ffa00000)
 Next Bits: [0x00000184fea00000, 0x00000184ff200000)

Polling page: 0x00000184e6b00000

Metaspace:

Usage:
  Non-class:     51.42 MB used.
      Class:      8.60 MB used.
       Both:     60.03 MB used.

Virtual space:
  Non-class space:       64.00 MB reserved,      51.88 MB ( 81%) committed,  1 nodes.
      Class space:      320.00 MB reserved,       9.00 MB (  3%) committed,  1 nodes.
             Both:      384.00 MB reserved,      60.88 MB ( 16%) committed. 

Chunk freelists:
   Non-Class:  11.98 MB
       Class:  7.06 MB
        Both:  19.04 MB

MaxMetaspaceSize: 384.00 MB
CompressedClassSpaceSize: 320.00 MB
Initial GC threshold: 21.00 MB
Current GC threshold: 100.00 MB
CDS: on
MetaspaceReclaimPolicy: balanced
 - commit_granule_bytes: 65536.
 - commit_granule_words: 8192.
 - virtual_space_node_default_size: 8388608.
 - enlarge_chunks_in_place: 1.
 - new_chunks_are_fully_committed: 0.
 - uncommit_free_chunks: 1.
 - use_allocation_guard: 0.
 - handle_deallocations: 1.


Internal statistics:

num_allocs_failed_limit: 15.
num_arena_births: 1140.
num_arena_deaths: 0.
num_vsnodes_births: 2.
num_vsnodes_deaths: 0.
num_space_committed: 974.
num_space_uncommitted: 0.
num_chunks_returned_to_freelist: 15.
num_chunks_taken_from_freelist: 3803.
num_chunk_merges: 15.
num_chunk_splits: 2503.
num_chunks_enlarged: 1613.
num_inconsistent_stats: 0.

CodeHeap 'non-profiled nmethods': size=119168Kb used=5198Kb max_used=5198Kb free=113969Kb
 bounds [0x00000184f6a20000, 0x00000184f6f40000, 0x00000184fde80000]
CodeHeap 'profiled nmethods': size=119104Kb used=15914Kb max_used=15914Kb free=103189Kb
 bounds [0x00000184eee80000, 0x00000184efe10000, 0x00000184f62d0000]
CodeHeap 'non-nmethods': size=7488Kb used=3368Kb max_used=3500Kb free=4119Kb
 bounds [0x00000184f62d0000, 0x00000184f6650000, 0x00000184f6a20000]
 total_blobs=8872 nmethods=8108 adapters=672
 compilation: enabled
              stopped_count=0, restarted_count=0
 full_count=0

Compilation events (20 events):
Event: 17.547 Thread 0x00000184a39b8740 8712       4       java.lang.Class::getClassLoader (28 bytes)
Event: 17.552 Thread 0x0000018482b5e1c0 8723       3       java.net.URI::equal (19 bytes)
Event: 17.552 Thread 0x0000018482b85090 8724       3       java.net.URI::percentNormalizedComparison (221 bytes)
Event: 17.552 Thread 0x0000018482c3e420 8725       3       java.net.URI$Parser::scan (23 bytes)
Event: 17.554 Thread 0x0000018482b5e1c0 nmethod 8723 0x00000184efdc8a90 code [0x00000184efdc8c40, 0x00000184efdc8da8]
Event: 17.554 Thread 0x0000018482b5e1c0 8726   !   3       org.gradle.internal.typeconversion.ErrorHandlingNotationParser::parseNotation (98 bytes)
Event: 17.555 Thread 0x0000018482c3e420 nmethod 8725 0x00000184efdc8e90 code [0x00000184efdc90a0, 0x00000184efdc9718]
Event: 17.556 Thread 0x0000018482c3e420 8729       3       org.gradle.internal.component.external.model.VariantMetadataRules::getAttributes (29 bytes)
Event: 17.557 Thread 0x00000184a39b8740 nmethod 8712 0x00000184f6f2bd90 code [0x00000184f6f2bf00, 0x00000184f6f2bfb8]
Event: 17.558 Thread 0x00000184a39b8740 8722       4       java.util.stream.ReferencePipeline::anyMatch (18 bytes)
Event: 17.560 Thread 0x0000018482c3e420 nmethod 8729 0x00000184efdc9a10 code [0x00000184efdc9c20, 0x00000184efdca438]
Event: 17.560 Thread 0x0000018482c3e420 8728       3       java.time.Duration::<init> (15 bytes)
Event: 17.561 Thread 0x0000018482c3e420 nmethod 8728 0x00000184efdccd10 code [0x00000184efdccea0, 0x00000184efdcd018]
Event: 17.562 Thread 0x0000018482b5e1c0 nmethod 8726 0x00000184efdca690 code [0x00000184efdcaa40, 0x00000184efdcc4b8]
Event: 17.562 Thread 0x0000018482c3e420 8733       3       java.time.Duration::create (23 bytes)
Event: 17.562 Thread 0x0000018482b5e1c0 8734       1       io.spring.gradle.dependencymanagement.org.apache.maven.model.Model::getBuild (5 bytes)
Event: 17.564 Thread 0x0000018482b5e1c0 nmethod 8734 0x00000184f6f2c090 code [0x00000184f6f2c220, 0x00000184f6f2c2f8]
Event: 17.564 Thread 0x0000018482c3e420 nmethod 8733 0x00000184efdcd110 code [0x00000184efdcd2c0, 0x00000184efdcd538]
Event: 17.564 Thread 0x0000018482b5e1c0 8735       3       io.spring.gradle.dependencymanagement.org.codehaus.plexus.interpolation.reflection.ReflectionValueExtractor::getClassMap (58 bytes)
Event: 17.564 Thread 0x0000018482c3e420 8736       3       io.spring.gradle.dependencymanagement.org.codehaus.plexus.interpolation.util.StringUtils::capitalizeFirstLetter (52 bytes)

GC Heap History (20 events):
Event: 1.134 GC heap before
{Heap before GC invocations=0 (full 0):
 garbage-first heap   total 262144K, used 26624K [0x00000000e0000000, 0x0000000100000000)
  region size 1024K, 23 young (23552K), 0 survivors (0K)
 Metaspace       used 2877K, committed 3008K, reserved 393216K
  class space    used 331K, committed 384K, reserved 327680K
}
Event: 1.139 GC heap after
{Heap after GC invocations=1 (full 0):
 garbage-first heap   total 262144K, used 11053K [0x00000000e0000000, 0x0000000100000000)
  region size 1024K, 3 young (3072K), 3 survivors (3072K)
 Metaspace       used 2877K, committed 3008K, reserved 393216K
  class space    used 331K, committed 384K, reserved 327680K
}
Event: 1.771 GC heap before
{Heap before GC invocations=1 (full 0):
 garbage-first heap   total 262144K, used 41773K [0x00000000e0000000, 0x0000000100000000)
  region size 1024K, 31 young (31744K), 3 survivors (3072K)
 Metaspace       used 4639K, committed 4800K, reserved 393216K
  class space    used 581K, committed 640K, reserved 327680K
}
Event: 1.775 GC heap after
{Heap after GC invocations=2 (full 0):
 garbage-first heap   total 262144K, used 14086K [0x00000000e0000000, 0x0000000100000000)
  region size 1024K, 3 young (3072K), 3 survivors (3072K)
 Metaspace       used 4639K, committed 4800K, reserved 393216K
  class space    used 581K, committed 640K, reserved 327680K
}
Event: 3.960 GC heap before
{Heap before GC invocations=2 (full 0):
 garbage-first heap   total 262144K, used 96006K [0x00000000e0000000, 0x0000000100000000)
  region size 1024K, 83 young (84992K), 3 survivors (3072K)
 Metaspace       used 16526K, committed 16768K, reserved 393216K
  class space    used 2267K, committed 2368K, reserved 327680K
}
Event: 3.968 GC heap after
{Heap after GC invocations=3 (full 0):
 garbage-first heap   total 262144K, used 21751K [0x00000000e0000000, 0x0000000100000000)
  region size 1024K, 10 young (10240K), 10 survivors (10240K)
 Metaspace       used 16526K, committed 16768K, reserved 393216K
  class space    used 2267K, committed 2368K, reserved 327680K
}
Event: 4.884 GC heap before
{Heap before GC invocations=3 (full 0):
 garbage-first heap   total 262144K, used 55543K [0x00000000e0000000, 0x0000000100000000)
  region size 1024K, 43 young (44032K), 10 survivors (10240K)
 Metaspace       used 21180K, committed 21504K, reserved 393216K
  class space    used 2903K, committed 3072K, reserved 327680K
}
Event: 4.890 GC heap after
{Heap after GC invocations=4 (full 0):
 garbage-first heap   total 262144K, used 23805K [0x00000000e0000000, 0x0000000100000000)
  region size 1024K, 3 young (3072K), 3 survivors (3072K)
 Metaspace       used 21180K, committed 21504K, reserved 393216K
  class space    used 2903K, committed 3072K, reserved 327680K
}
Event: 8.246 GC heap before
{Heap before GC invocations=5 (full 0):
 garbage-first heap   total 262144K, used 133373K [0x00000000e0000000, 0x0000000100000000)
  region size 1024K, 112 young (114688K), 3 survivors (3072K)
 Metaspace       used 35458K, committed 35968K, reserved 393216K
  class space    used 4967K, committed 5248K, reserved 327680K
}
Event: 8.253 GC heap after
{Heap after GC invocations=6 (full 0):
 garbage-first heap   total 262144K, used 30545K [0x00000000e0000000, 0x0000000100000000)
  region size 1024K, 9 young (9216K), 9 survivors (9216K)
 Metaspace       used 35458K, committed 35968K, reserved 393216K
  class space    used 4967K, committed 5248K, reserved 327680K
}
Event: 8.308 GC heap before
{Heap before GC invocations=6 (full 0):
 garbage-first heap   total 262144K, used 32593K [0x00000000e0000000, 0x0000000100000000)
  region size 1024K, 12 young (12288K), 9 survivors (9216K)
 Metaspace       used 35778K, committed 36288K, reserved 393216K
  class space    used 5016K, committed 5312K, reserved 327680K
}
Event: 8.313 GC heap after
{Heap after GC invocations=7 (full 0):
 garbage-first heap   total 262144K, used 31457K [0x00000000e0000000, 0x0000000100000000)
  region size 1024K, 2 young (2048K), 2 survivors (2048K)
 Metaspace       used 35778K, committed 36288K, reserved 393216K
  class space    used 5016K, committed 5312K, reserved 327680K
}
Event: 8.415 GC heap before
{Heap before GC invocations=7 (full 0):
 garbage-first heap   total 262144K, used 34529K [0x00000000e0000000, 0x0000000100000000)
  region size 1024K, 6 young (6144K), 2 survivors (2048K)
 Metaspace       used 36078K, committed 36608K, reserved 393216K
  class space    used 5062K, committed 5312K, reserved 327680K
}
Event: 8.417 GC heap after
{Heap after GC invocations=8 (full 0):
 garbage-first heap   total 262144K, used 30517K [0x00000000e0000000, 0x0000000100000000)
  region size 1024K, 1 young (1024K), 1 survivors (1024K)
 Metaspace       used 36078K, committed 36608K, reserved 393216K
  class space    used 5062K, committed 5312K, reserved 327680K
}
Event: 12.330 GC heap before
{Heap before GC invocations=9 (full 0):
 garbage-first heap   total 262144K, used 186165K [0x00000000e0000000, 0x0000000100000000)
  region size 1024K, 153 young (156672K), 1 survivors (1024K)
 Metaspace       used 47582K, committed 48192K, reserved 393216K
  class space    used 6765K, committed 7040K, reserved 327680K
}
Event: 12.338 GC heap after
{Heap after GC invocations=10 (full 0):
 garbage-first heap   total 262144K, used 40805K [0x00000000e0000000, 0x0000000100000000)
  region size 1024K, 11 young (11264K), 11 survivors (11264K)
 Metaspace       used 47582K, committed 48192K, reserved 393216K
  class space    used 6765K, committed 7040K, reserved 327680K
}
Event: 15.859 GC heap before
{Heap before GC invocations=10 (full 0):
 garbage-first heap   total 262144K, used 186213K [0x00000000e0000000, 0x0000000100000000)
  region size 1024K, 153 young (156672K), 11 survivors (11264K)
 Metaspace       used 59144K, committed 59904K, reserved 393216K
  class space    used 8539K, committed 8896K, reserved 327680K
}
Event: 15.869 GC heap after
{Heap after GC invocations=11 (full 0):
 garbage-first heap   total 262144K, used 50497K [0x00000000e0000000, 0x0000000100000000)
  region size 1024K, 20 young (20480K), 20 survivors (20480K)
 Metaspace       used 59144K, committed 59904K, reserved 393216K
  class space    used 8539K, committed 8896K, reserved 327680K
}
Event: 17.016 GC heap before
{Heap before GC invocations=11 (full 0):
 garbage-first heap   total 262144K, used 65857K [0x00000000e0000000, 0x0000000100000000)
  region size 1024K, 37 young (37888K), 20 survivors (20480K)
 Metaspace       used 60354K, committed 61120K, reserved 393216K
  class space    used 8724K, committed 9088K, reserved 327680K
}
Event: 17.028 GC heap after
{Heap after GC invocations=12 (full 0):
 garbage-first heap   total 262144K, used 53866K [0x00000000e0000000, 0x0000000100000000)
  region size 1024K, 4 young (4096K), 4 survivors (4096K)
 Metaspace       used 60354K, committed 61120K, reserved 393216K
  class space    used 8724K, committed 9088K, reserved 327680K
}

Dll operation events (15 events):
Event: 0.021 Loaded shared library C:\Program Files\Microsoft\jdk-17.0.13.11-hotspot\bin\java.dll
Event: 0.041 Loaded shared library C:\Program Files\Microsoft\jdk-17.0.13.11-hotspot\bin\jsvml.dll
Event: 0.117 Loaded shared library C:\Program Files\Microsoft\jdk-17.0.13.11-hotspot\bin\zip.dll
Event: 0.122 Loaded shared library C:\Program Files\Microsoft\jdk-17.0.13.11-hotspot\bin\instrument.dll
Event: 0.131 Loaded shared library C:\Program Files\Microsoft\jdk-17.0.13.11-hotspot\bin\net.dll
Event: 0.134 Loaded shared library C:\Program Files\Microsoft\jdk-17.0.13.11-hotspot\bin\nio.dll
Event: 0.137 Loaded shared library C:\Program Files\Microsoft\jdk-17.0.13.11-hotspot\bin\zip.dll
Event: 0.460 Loaded shared library C:\Program Files\Microsoft\jdk-17.0.13.11-hotspot\bin\jimage.dll
Event: 0.938 Loaded shared library C:\Program Files\Microsoft\jdk-17.0.13.11-hotspot\bin\verify.dll
Event: 0.981 Loaded shared library C:\Users\SuhasKumar\.gradle\native\660c5614fbf4a5f2a75b1949f50a0caf5cd603558e7d8a26e50b933a0cfb79d1\windows-amd64\native-platform.dll
Event: 1.000 Loaded shared library C:\Users\SuhasKumar\.gradle\native\0.2.8\x86_64-windows-gnu\gradle-fileevents.dll
Event: 2.342 Loaded shared library C:\Program Files\Microsoft\jdk-17.0.13.11-hotspot\bin\management.dll
Event: 2.345 Loaded shared library C:\Program Files\Microsoft\jdk-17.0.13.11-hotspot\bin\management_ext.dll
Event: 2.643 Loaded shared library C:\Program Files\Microsoft\jdk-17.0.13.11-hotspot\bin\extnet.dll
Event: 2.952 Loaded shared library C:\Program Files\Microsoft\jdk-17.0.13.11-hotspot\bin\sunmscapi.dll

Deoptimization events (20 events):
Event: 17.455 Thread 0x000001849d87f3c0 DEOPT PACKING pc=0x00000184efd650ca sp=0x00000034c66f7ae0
Event: 17.455 Thread 0x000001849d87f3c0 DEOPT UNPACKING pc=0x00000184f6327143 sp=0x00000034c66f6f68 mode 0
Event: 17.456 Thread 0x000001849d87f3c0 DEOPT PACKING pc=0x00000184efd650ca sp=0x00000034c66f78b0
Event: 17.456 Thread 0x000001849d87f3c0 DEOPT UNPACKING pc=0x00000184f6327143 sp=0x00000034c66f6d38 mode 0
Event: 17.465 Thread 0x000001849d87f3c0 DEOPT PACKING pc=0x00000184efd650ca sp=0x00000034c66f7df0
Event: 17.465 Thread 0x000001849d87f3c0 DEOPT UNPACKING pc=0x00000184f6327143 sp=0x00000034c66f7278 mode 0
Event: 17.477 Thread 0x000001849d87f3c0 DEOPT PACKING pc=0x00000184efd650ca sp=0x00000034c66f7df0
Event: 17.477 Thread 0x000001849d87f3c0 DEOPT UNPACKING pc=0x00000184f6327143 sp=0x00000034c66f7278 mode 0
Event: 17.478 Thread 0x000001849d87f3c0 DEOPT PACKING pc=0x00000184efd650ca sp=0x00000034c66f7960
Event: 17.478 Thread 0x000001849d87f3c0 DEOPT UNPACKING pc=0x00000184f6327143 sp=0x00000034c66f6de8 mode 0
Event: 17.479 Thread 0x000001849d87f3c0 DEOPT PACKING pc=0x00000184efd650ca sp=0x00000034c66f76d0
Event: 17.479 Thread 0x000001849d87f3c0 DEOPT UNPACKING pc=0x00000184f6327143 sp=0x00000034c66f6b58 mode 0
Event: 17.525 Thread 0x000001849d87f3c0 Uncommon trap: trap_request=0xffffff66 fr.pc=0x00000184f6f26678 relative=0x0000000000001598
Event: 17.525 Thread 0x000001849d87f3c0 Uncommon trap: reason=speculate_class_check action=maybe_recompile pc=0x00000184f6f26678 method=jdk.internal.reflect.UnsafeObjectFieldAccessorImpl.get(Ljava/lang/Object;)Ljava/lang/Object; @ 13 c2
Event: 17.526 Thread 0x000001849d87f3c0 DEOPT PACKING pc=0x00000184f6f26678 sp=0x00000034c66f81b0
Event: 17.526 Thread 0x000001849d87f3c0 DEOPT UNPACKING pc=0x00000184f63269a3 sp=0x00000034c66f80c8 mode 2
Event: 17.526 Thread 0x000001849d87f3c0 Uncommon trap: trap_request=0xffffff66 fr.pc=0x00000184f6f26678 relative=0x0000000000001598
Event: 17.527 Thread 0x000001849d87f3c0 Uncommon trap: reason=speculate_class_check action=maybe_recompile pc=0x00000184f6f26678 method=jdk.internal.reflect.UnsafeObjectFieldAccessorImpl.get(Ljava/lang/Object;)Ljava/lang/Object; @ 13 c2
Event: 17.527 Thread 0x000001849d87f3c0 DEOPT PACKING pc=0x00000184f6f26678 sp=0x00000034c66f81b0
Event: 17.527 Thread 0x000001849d87f3c0 DEOPT UNPACKING pc=0x00000184f63269a3 sp=0x00000034c66f80c8 mode 2

Classes loaded (20 events):
Event: 15.697 Loading class java/util/UUIDCustomizer
Event: 15.697 Loading class java/util/UUIDCustomizer done
Event: 15.698 Loading class java/util/UUIDCustomizer
Event: 15.698 Loading class java/util/UUIDCustomizer done
Event: 15.703 Loading class java/lang/StringBeanInfo
Event: 15.703 Loading class java/lang/StringBeanInfo done
Event: 15.703 Loading class java/lang/StringBeanInfo
Event: 15.703 Loading class java/lang/StringBeanInfo done
Event: 15.704 Loading class java/lang/StringCustomizer
Event: 15.704 Loading class java/lang/StringCustomizer done
Event: 15.704 Loading class java/lang/StringCustomizer
Event: 15.704 Loading class java/lang/StringCustomizer done
Event: 17.044 Loading class java/io/FileReader
Event: 17.044 Loading class java/io/FileReader done
Event: 17.046 Loading class java/text/MessageFormat
Event: 17.047 Loading class java/text/MessageFormat done
Event: 17.118 Loading class java/lang/StringIndexOutOfBoundsException
Event: 17.118 Loading class java/lang/StringIndexOutOfBoundsException done
Event: 17.163 Loading class java/util/Stack
Event: 17.164 Loading class java/util/Stack done

Classes unloaded (0 events):
No events

Classes redefined (0 events):
No events

Internal exceptions (20 events):
Event: 15.945 Thread 0x000001849d87f3c0 Exception <a 'java/lang/ClassNotFoundException'{0x00000000efe561a0}: com/intellij/gradle/toolingExtension/impl/initScript/util/GradleJvmForkedDebuggerHelperBeanInfo> (0x00000000efe561a0) 
thrown [s\src\hotspot\share\classfile\systemDictionary.cpp, line 256]
Event: 15.949 Thread 0x000001849d87f3c0 Exception <a 'java/lang/ClassNotFoundException'{0x00000000efe634d0}: com/intellij/gradle/toolingExtension/impl/initScript/util/GradleJvmForkedDebuggerHelperCustomizer> (0x00000000efe634d0) 
thrown [s\src\hotspot\share\classfile\systemDictionary.cpp, line 256]
Event: 16.039 Thread 0x000001849d87f3c0 Exception <a 'java/lang/ClassNotFoundException'{0x00000000efedd160}: com/intellij/gradle/toolingExtension/impl/util/collectionUtil/GradleCollectionUtilBeanInfo> (0x00000000efedd160) 
thrown [s\src\hotspot\share\classfile\systemDictionary.cpp, line 256]
Event: 16.042 Thread 0x000001849d87f3c0 Exception <a 'java/lang/ClassNotFoundException'{0x00000000efeea9b0}: com/intellij/gradle/toolingExtension/impl/util/collectionUtil/GradleCollectionUtilCustomizer> (0x00000000efeea9b0) 
thrown [s\src\hotspot\share\classfile\systemDictionary.cpp, line 256]
Event: 16.077 Thread 0x000001849d87f3c0 Exception <a 'java/lang/ClassNotFoundException'{0x00000000efd41ca8}: org/gradle/api/internal/tasks/DefaultTaskCollection_DecoratedBeanInfo> (0x00000000efd41ca8) 
thrown [s\src\hotspot\share\classfile\systemDictionary.cpp, line 256]
Event: 16.085 Thread 0x000001849d87f3c0 Exception <a 'java/lang/ClassNotFoundException'{0x00000000efd4e9f0}: org/gradle/api/internal/tasks/DefaultTaskCollection_DecoratedCustomizer> (0x00000000efd4e9f0) 
thrown [s\src\hotspot\share\classfile\systemDictionary.cpp, line 256]
Event: 16.437 Thread 0x000001849d87f3c0 Exception <a 'java/lang/ClassNotFoundException'{0x00000000efbaf010}: IjDownloadTask_DecoratedBeanInfo> (0x00000000efbaf010) 
thrown [s\src\hotspot\share\classfile\systemDictionary.cpp, line 256]
Event: 16.441 Thread 0x000001849d87f3c0 Exception <a 'java/lang/ClassNotFoundException'{0x00000000efbb9dc8}: IjDownloadTaskBeanInfo> (0x00000000efbb9dc8) 
thrown [s\src\hotspot\share\classfile\systemDictionary.cpp, line 256]
Event: 16.444 Thread 0x000001849d87f3c0 Exception <a 'java/lang/ClassNotFoundException'{0x00000000efbc4c18}: org/gradle/api/DefaultTaskBeanInfo> (0x00000000efbc4c18) 
thrown [s\src\hotspot\share\classfile\systemDictionary.cpp, line 256]
Event: 16.447 Thread 0x000001849d87f3c0 Exception <a 'java/lang/ClassNotFoundException'{0x00000000efbd0de8}: org/gradle/api/internal/AbstractTaskBeanInfo> (0x00000000efbd0de8) 
thrown [s\src\hotspot\share\classfile\systemDictionary.cpp, line 256]
Event: 16.450 Thread 0x000001849d87f3c0 Exception <a 'java/lang/ClassNotFoundException'{0x00000000efbdc508}: org/gradle/api/internal/AbstractTaskCustomizer> (0x00000000efbdc508) 
thrown [s\src\hotspot\share\classfile\systemDictionary.cpp, line 256]
Event: 16.456 Thread 0x000001849d87f3c0 Exception <a 'java/lang/ClassNotFoundException'{0x00000000efa3c308}: org/gradle/api/DefaultTaskCustomizer> (0x00000000efa3c308) 
thrown [s\src\hotspot\share\classfile\systemDictionary.cpp, line 256]
Event: 16.463 Thread 0x000001849d87f3c0 Exception <a 'java/lang/ClassNotFoundException'{0x00000000efaa5108}: IjDownloadTaskCustomizer> (0x00000000efaa5108) 
thrown [s\src\hotspot\share\classfile\systemDictionary.cpp, line 256]
Event: 16.467 Thread 0x000001849d87f3c0 Exception <a 'java/lang/ClassNotFoundException'{0x00000000efac4de0}: IjDownloadTask_DecoratedCustomizer> (0x00000000efac4de0) 
thrown [s\src\hotspot\share\classfile\systemDictionary.cpp, line 256]
Event: 17.181 Thread 0x000001849d87f3c0 Exception <a 'java/lang/ClassNotFoundException'{0x00000000ef8ed708}: org/gradle/plugin/software/internal/ProjectFeaturesDynamicObject_DecoratedBeanInfo> (0x00000000ef8ed708) 
thrown [s\src\hotspot\share\classfile\systemDictionary.cpp, line 256]
Event: 17.182 Thread 0x000001849d87f3c0 Exception <a 'java/lang/ClassNotFoundException'{0x00000000ef8fb840}: org/gradle/plugin/software/internal/ProjectFeaturesDynamicObjectBeanInfo> (0x00000000ef8fb840) 
thrown [s\src\hotspot\share\classfile\systemDictionary.cpp, line 256]
Event: 17.183 Thread 0x000001849d87f3c0 Exception <a 'java/lang/ClassNotFoundException'{0x00000000ef7096f8}: org/gradle/internal/metaobject/AbstractDynamicObjectBeanInfo> (0x00000000ef7096f8) 
thrown [s\src\hotspot\share\classfile\systemDictionary.cpp, line 256]
Event: 17.184 Thread 0x000001849d87f3c0 Exception <a 'java/lang/ClassNotFoundException'{0x00000000ef717340}: org/gradle/internal/metaobject/AbstractDynamicObjectCustomizer> (0x00000000ef717340) 
thrown [s\src\hotspot\share\classfile\systemDictionary.cpp, line 256]
Event: 17.185 Thread 0x000001849d87f3c0 Exception <a 'java/lang/ClassNotFoundException'{0x00000000ef731bb0}: org/gradle/plugin/software/internal/ProjectFeaturesDynamicObjectCustomizer> (0x00000000ef731bb0) 
thrown [s\src\hotspot\share\classfile\systemDictionary.cpp, line 256]
Event: 17.186 Thread 0x000001849d87f3c0 Exception <a 'java/lang/ClassNotFoundException'{0x00000000ef747778}: org/gradle/plugin/software/internal/ProjectFeaturesDynamicObject_DecoratedCustomizer> (0x00000000ef747778) 
thrown [s\src\hotspot\share\classfile\systemDictionary.cpp, line 256]

VM Operations (20 events):
Event: 14.109 Executing VM operation: HandshakeAllThreads done
Event: 14.175 Executing VM operation: ICBufferFull
Event: 14.175 Executing VM operation: ICBufferFull done
Event: 14.556 Executing VM operation: ICBufferFull
Event: 14.556 Executing VM operation: ICBufferFull done
Event: 15.206 Executing VM operation: ICBufferFull
Event: 15.206 Executing VM operation: ICBufferFull done
Event: 15.594 Executing VM operation: ICBufferFull
Event: 15.594 Executing VM operation: ICBufferFull done
Event: 15.858 Executing VM operation: G1CollectForAllocation
Event: 15.870 Executing VM operation: G1CollectForAllocation done
Event: 17.016 Executing VM operation: CollectForMetadataAllocation
Event: 17.028 Executing VM operation: CollectForMetadataAllocation done
Event: 17.056 Executing VM operation: G1PauseRemark
Event: 17.064 Executing VM operation: G1PauseRemark done
Event: 17.064 Executing VM operation: G1PauseCleanup
Event: 17.064 Executing VM operation: G1PauseCleanup done
Event: 17.330 Executing VM operation: HandshakeAllThreads
Event: 17.330 Executing VM operation: HandshakeAllThreads done
Event: 18.330 Executing VM operation: Cleanup

Memory protections (0 events):
No events

Nmethod flushes (20 events):
Event: 9.523 Thread 0x0000018482a7dc80 flushing  nmethod 0x00000184ef5fc610
Event: 9.523 Thread 0x0000018482a7dc80 flushing  nmethod 0x00000184ef5fd410
Event: 9.523 Thread 0x0000018482a7dc80 flushing  nmethod 0x00000184ef607590
Event: 9.523 Thread 0x0000018482a7dc80 flushing  nmethod 0x00000184ef607e10
Event: 9.523 Thread 0x0000018482a7dc80 flushing  nmethod 0x00000184ef60b390
Event: 9.523 Thread 0x0000018482a7dc80 flushing  nmethod 0x00000184ef61c890
Event: 9.523 Thread 0x0000018482a7dc80 flushing  nmethod 0x00000184ef61cc10
Event: 9.523 Thread 0x0000018482a7dc80 flushing  nmethod 0x00000184ef623610
Event: 9.523 Thread 0x0000018482a7dc80 flushing  nmethod 0x00000184ef624e90
Event: 9.523 Thread 0x0000018482a7dc80 flushing  nmethod 0x00000184ef655410
Event: 9.523 Thread 0x0000018482a7dc80 flushing  nmethod 0x00000184ef66f990
Event: 9.523 Thread 0x0000018482a7dc80 flushing  nmethod 0x00000184ef672d10
Event: 9.523 Thread 0x0000018482a7dc80 flushing  nmethod 0x00000184ef684590
Event: 9.524 Thread 0x0000018482a7dc80 flushing  nmethod 0x00000184ef6d1f90
Event: 9.524 Thread 0x0000018482a7dc80 flushing  nmethod 0x00000184ef6e2390
Event: 9.524 Thread 0x0000018482a7dc80 flushing  nmethod 0x00000184ef6f7710
Event: 9.524 Thread 0x0000018482a7dc80 flushing  nmethod 0x00000184ef6f8510
Event: 14.126 Thread 0x0000018482a7dc80 flushing  nmethod 0x00000184ef51e710
Event: 14.130 Thread 0x0000018482a7dc80 flushing  nmethod 0x00000184ef6cdb10
Event: 14.132 Thread 0x0000018482a7dc80 flushing  nmethod 0x00000184ef77d910

Events (20 events):
Event: 13.719 Thread 0x000001849d87f3c0 Thread added: 0x00000184a1940bd0
Event: 13.965 Thread 0x0000018482b85090 Thread added: 0x00000184a39b6cb0
Event: 14.153 Thread 0x000001849d87f3c0 Thread added: 0x00000184a193ed70
Event: 14.154 Thread 0x000001849d87f3c0 Thread added: 0x00000184a19415f0
Event: 14.154 Thread 0x000001849d87f3c0 Thread added: 0x00000184a193e350
Event: 14.154 Thread 0x000001849d87f3c0 Thread added: 0x00000184a1942010
Event: 14.216 Thread 0x0000018482c3e420 Thread added: 0x00000184a39b8740
Event: 14.218 Thread 0x0000018482a79560 Thread added: 0x00000184a39b8c90
Event: 14.242 Thread 0x0000018482c3e420 Thread added: 0x00000184a39b6760
Event: 14.248 Thread 0x0000018482a7d370 Thread added: 0x00000184a39b6210
Event: 14.268 Thread 0x0000018482a7d370 Thread added: 0x00000184a39b91e0
Event: 14.555 Thread 0x00000184a39b91e0 Thread exited: 0x00000184a39b91e0
Event: 14.604 Thread 0x000001849d87f3c0 Thread added: 0x00000184a1942520
Event: 15.152 Thread 0x00000184a39b6210 Thread exited: 0x00000184a39b6210
Event: 15.394 Thread 0x000001849d87f3c0 Thread added: 0x00000184a1942a30
Event: 15.662 Thread 0x0000018482c3e420 Thread added: 0x00000184a39b91e0
Event: 15.815 Thread 0x00000184a39b91e0 Thread added: 0x00000184a39b7750
Event: 15.815 Thread 0x00000184a39b91e0 Thread added: 0x00000184a39b7200
Event: 17.068 Thread 0x00000184a39b7200 Thread exited: 0x00000184a39b7200
Event: 17.078 Thread 0x00000184a39b7750 Thread exited: 0x00000184a39b7750


Dynamic libraries:
0x00007ff63a7f0000 - 0x00007ff63a7fe000 	C:\Program Files\Microsoft\jdk-17.0.13.11-hotspot\bin\java.exe
0x00007ff920e60000 - 0x00007ff9210c7000 	C:\WINDOWS\SYSTEM32\ntdll.dll
0x00007ff920650000 - 0x00007ff920719000 	C:\WINDOWS\System32\KERNEL32.DLL
0x00007ff91e2f0000 - 0x00007ff91e6e4000 	C:\WINDOWS\System32\KERNELBASE.dll
0x00007ff91d930000 - 0x00007ff91da7b000 	C:\WINDOWS\System32\ucrtbase.dll
0x00007ff8f2860000 - 0x00007ff8f2877000 	C:\Program Files\Microsoft\jdk-17.0.13.11-hotspot\bin\jli.dll
0x00007ff8f2620000 - 0x00007ff8f263d000 	C:\Program Files\Microsoft\jdk-17.0.13.11-hotspot\bin\VCRUNTIME140.dll
0x00007ff920af0000 - 0x00007ff920cb5000 	C:\WINDOWS\System32\USER32.dll
0x00007ff909d80000 - 0x00007ff90a013000 	C:\WINDOWS\WinSxS\amd64_microsoft.windows.common-controls_6595b64144ccf1df_6.0.26100.8115_none_3e075c82e3354f9c\COMCTL32.dll
0x00007ff91ebc0000 - 0x00007ff91ebe7000 	C:\WINDOWS\System32\win32u.dll
0x00007ff91ffb0000 - 0x00007ff920059000 	C:\WINDOWS\System32\msvcrt.dll
0x00007ff91f0f0000 - 0x00007ff91f11b000 	C:\WINDOWS\System32\GDI32.dll
0x00007ff91ea90000 - 0x00007ff91ebbb000 	C:\WINDOWS\System32\gdi32full.dll
0x00007ff91e860000 - 0x00007ff91e903000 	C:\WINDOWS\System32\msvcp_win.dll
0x00007ff91f120000 - 0x00007ff91f152000 	C:\WINDOWS\System32\IMM32.DLL
0x00007ff8f71d0000 - 0x00007ff8f71dc000 	C:\Program Files\Microsoft\jdk-17.0.13.11-hotspot\bin\vcruntime140_1.dll
0x00007ff8f2560000 - 0x00007ff8f25ed000 	C:\Program Files\Microsoft\jdk-17.0.13.11-hotspot\bin\msvcp140.dll
0x00007ff8f0f60000 - 0x00007ff8f1bd1000 	C:\Program Files\Microsoft\jdk-17.0.13.11-hotspot\bin\server\jvm.dll
0x00007ff91fce0000 - 0x00007ff91fd96000 	C:\WINDOWS\System32\ADVAPI32.dll
0x00007ff91f250000 - 0x00007ff91f2f7000 	C:\WINDOWS\System32\sechost.dll
0x00007ff91fe90000 - 0x00007ff91ffa8000 	C:\WINDOWS\System32\RPCRT4.dll
0x00007ff920830000 - 0x00007ff9208b0000 	C:\WINDOWS\System32\WS2_32.dll
0x00007ff91d590000 - 0x00007ff91d5ee000 	C:\WINDOWS\SYSTEM32\POWRPROF.dll
0x00007ff90c110000 - 0x00007ff90c11b000 	C:\WINDOWS\SYSTEM32\VERSION.dll
0x00007ff90a020000 - 0x00007ff90a056000 	C:\WINDOWS\SYSTEM32\WINMM.dll
0x00007ff91d570000 - 0x00007ff91d584000 	C:\WINDOWS\SYSTEM32\UMPDC.dll
0x00007ff91c350000 - 0x00007ff91c36b000 	C:\WINDOWS\SYSTEM32\kernel.appcore.dll
0x00007ff8f5e20000 - 0x00007ff8f5e2a000 	C:\Program Files\Microsoft\jdk-17.0.13.11-hotspot\bin\jimage.dll
0x00007ff91b350000 - 0x00007ff91b592000 	C:\WINDOWS\SYSTEM32\DBGHELP.DLL
0x00007ff91ed60000 - 0x00007ff91f0e2000 	C:\WINDOWS\System32\combase.dll
0x00007ff91fda0000 - 0x00007ff91fe78000 	C:\WINDOWS\System32\OLEAUT32.dll
0x00007ff8feac0000 - 0x00007ff8feafb000 	C:\WINDOWS\SYSTEM32\dbgcore.DLL
0x00007ff91e7b0000 - 0x00007ff91e855000 	C:\WINDOWS\System32\bcryptPrimitives.dll
0x00007ff9153f0000 - 0x00007ff9153fe000 	C:\Program Files\Microsoft\jdk-17.0.13.11-hotspot\bin\instrument.dll
0x00007ff8f28d0000 - 0x00007ff8f28f5000 	C:\Program Files\Microsoft\jdk-17.0.13.11-hotspot\bin\java.dll
0x00007ff8f8f60000 - 0x00007ff8f9037000 	C:\Program Files\Microsoft\jdk-17.0.13.11-hotspot\bin\jsvml.dll
0x00007ff91f300000 - 0x00007ff91fa67000 	C:\WINDOWS\System32\SHELL32.dll
0x00007ff91d7c0000 - 0x00007ff91d92a000 	C:\WINDOWS\System32\wintypes.dll
0x00007ff91da80000 - 0x00007ff91e2e8000 	C:\WINDOWS\System32\windows.storage.dll
0x00007ff920550000 - 0x00007ff920648000 	C:\WINDOWS\System32\SHCORE.dll
0x00007ff91f1e0000 - 0x00007ff91f246000 	C:\WINDOWS\System32\shlwapi.dll
0x00007ff91d650000 - 0x00007ff91d679000 	C:\WINDOWS\SYSTEM32\profapi.dll
0x00007ff8f0850000 - 0x00007ff8f0868000 	C:\Program Files\Microsoft\jdk-17.0.13.11-hotspot\bin\zip.dll
0x00007ff8f2210000 - 0x00007ff8f222a000 	C:\Program Files\Microsoft\jdk-17.0.13.11-hotspot\bin\net.dll
0x00007ff91c370000 - 0x00007ff91c49d000 	C:\WINDOWS\SYSTEM32\WINHTTP.dll
0x00007ff91c9d0000 - 0x00007ff91ca3c000 	C:\WINDOWS\system32\mswsock.dll
0x00007ff8f0870000 - 0x00007ff8f0886000 	C:\Program Files\Microsoft\jdk-17.0.13.11-hotspot\bin\nio.dll
0x00007ff8eee70000 - 0x00007ff8eee80000 	C:\Program Files\Microsoft\jdk-17.0.13.11-hotspot\bin\verify.dll
0x00007ff906c20000 - 0x00007ff906c47000 	C:\Users\SuhasKumar\.gradle\native\660c5614fbf4a5f2a75b1949f50a0caf5cd603558e7d8a26e50b933a0cfb79d1\windows-amd64\native-platform.dll
0x00007ff9063f0000 - 0x00007ff906467000 	C:\Users\SuhasKumar\.gradle\native\0.2.8\x86_64-windows-gnu\gradle-fileevents.dll
0x00007ff8ef0d0000 - 0x00007ff8ef0da000 	C:\Program Files\Microsoft\jdk-17.0.13.11-hotspot\bin\management.dll
0x00007ff8ed540000 - 0x00007ff8ed54b000 	C:\Program Files\Microsoft\jdk-17.0.13.11-hotspot\bin\management_ext.dll
0x00007ff91fe80000 - 0x00007ff91fe88000 	C:\WINDOWS\System32\PSAPI.DLL
0x00007ff91bb00000 - 0x00007ff91bb32000 	C:\WINDOWS\SYSTEM32\IPHLPAPI.DLL
0x00007ff91fa70000 - 0x00007ff91fa7a000 	C:\WINDOWS\System32\NSI.dll
0x00007ff910e10000 - 0x00007ff910e2d000 	C:\WINDOWS\SYSTEM32\dhcpcsvc6.DLL
0x00007ff910de0000 - 0x00007ff910e05000 	C:\WINDOWS\SYSTEM32\dhcpcsvc.DLL
0x00007ff91bb40000 - 0x00007ff91bc72000 	C:\WINDOWS\SYSTEM32\DNSAPI.dll
0x00007ff8f1c10000 - 0x00007ff8f1c19000 	C:\Program Files\Microsoft\jdk-17.0.13.11-hotspot\bin\extnet.dll
0x00007ff91cdd0000 - 0x00007ff91cdeb000 	C:\WINDOWS\SYSTEM32\CRYPTSP.dll
0x00007ff91c2b0000 - 0x00007ff91c2e9000 	C:\WINDOWS\system32\rsaenh.dll
0x00007ff91ca80000 - 0x00007ff91cab3000 	C:\WINDOWS\SYSTEM32\USERENV.dll
0x00007ff91d620000 - 0x00007ff91d64a000 	C:\WINDOWS\SYSTEM32\bcrypt.dll
0x00007ff91cc30000 - 0x00007ff91cc3c000 	C:\WINDOWS\SYSTEM32\CRYPTBASE.dll
0x00007ff8eee60000 - 0x00007ff8eee6e000 	C:\Program Files\Microsoft\jdk-17.0.13.11-hotspot\bin\sunmscapi.dll
0x00007ff91e910000 - 0x00007ff91ea87000 	C:\WINDOWS\System32\CRYPT32.dll
0x00007ff91cf30000 - 0x00007ff91cf60000 	C:\WINDOWS\SYSTEM32\ncrypt.dll
0x00007ff91cee0000 - 0x00007ff91cf1f000 	C:\WINDOWS\SYSTEM32\NTASN1.dll
0x00007ff8ea3a0000 - 0x00007ff8ea3a8000 	C:\WINDOWS\system32\wshunix.dll

dbghelp: loaded successfully - version: 4.0.5 - missing functions: none
symbol engine: initialized successfully - sym options: 0x614 - pdb path: .;C:\Program Files\Microsoft\jdk-17.0.13.11-hotspot\bin;C:\WINDOWS\SYSTEM32;C:\WINDOWS\WinSxS\amd64_microsoft.windows.common-controls_6595b64144ccf1df_6.0.26100.8115_none_3e075c82e3354f9c;C:\Program Files\Microsoft\jdk-17.0.13.11-hotspot\bin\server;C:\Users\SuhasKumar\.gradle\native\660c5614fbf4a5f2a75b1949f50a0caf5cd603558e7d8a26e50b933a0cfb79d1\windows-amd64;C:\Users\SuhasKumar\.gradle\native\0.2.8\x86_64-windows-gnu

VM Arguments:
jvm_args: --add-opens=java.base/java.lang=ALL-UNNAMED --add-opens=java.base/java.lang.invoke=ALL-UNNAMED --add-opens=java.base/java.util=ALL-UNNAMED --add-opens=java.prefs/java.util.prefs=ALL-UNNAMED --add-exports=jdk.compiler/com.sun.tools.javac.api=ALL-UNNAMED --add-exports=jdk.compiler/com.sun.tools.javac.util=ALL-UNNAMED --add-opens=java.base/java.util=ALL-UNNAMED --add-opens=java.prefs/java.util.prefs=ALL-UNNAMED --add-opens=java.base/java.nio.charset=ALL-UNNAMED --add-opens=java.base/java.net=ALL-UNNAMED --add-opens=java.base/java.util.concurrent=ALL-UNNAMED --add-opens=java.base/java.util.concurrent.atomic=ALL-UNNAMED --add-opens=java.xml/javax.xml.namespace=ALL-UNNAMED --add-opens=java.base/java.time=ALL-UNNAMED -XX:MaxMetaspaceSize=384m -XX:+HeapDumpOnOutOfMemoryError -Xms256m -Xmx512m -Dfile.encoding=UTF-8 -Duser.country=IN -Duser.language=en -Duser.variant -javaagent:C:\Users\SuhasKumar\.gradle\wrapper\dists\gradle-9.4.1-bin\arn2x92ynaizyzdaamcbpbhtj\gradle-9.4.1\lib\agents\gradle-instrumentation-agent-9.4.1.jar 
java_command: org.gradle.launcher.daemon.bootstrap.GradleDaemon 9.4.1
java_class_path (initial): C:\Users\SuhasKumar\.gradle\wrapper\dists\gradle-9.4.1-bin\arn2x92ynaizyzdaamcbpbhtj\gradle-9.4.1\lib\gradle-daemon-main-9.4.1.jar
Launcher Type: SUN_STANDARD

[Global flags]
     intx CICompilerCount                          = 12                                        {product} {ergonomic}
   size_t CompressedClassSpaceSize                 = 335544320                                 {product} {ergonomic}
     uint ConcGCThreads                            = 3                                         {product} {ergonomic}
     uint G1ConcRefinementThreads                  = 13                                        {product} {ergonomic}
   size_t G1HeapRegionSize                         = 1048576                                   {product} {ergonomic}
    uintx GCDrainStackTargetSize                   = 64                                        {product} {ergonomic}
     bool HeapDumpOnOutOfMemoryError               = true                                   {manageable} {command line}
   size_t InitialHeapSize                          = 268435456                                 {product} {command line}
   size_t MarkStackSize                            = 4194304                                   {product} {ergonomic}
   size_t MaxHeapSize                              = 536870912                                 {product} {command line}
   size_t MaxMetaspaceSize                         = 402653184                                 {product} {command line}
   size_t MaxNewSize                               = 321912832                                 {product} {ergonomic}
   size_t MinHeapDeltaBytes                        = 1048576                                   {product} {ergonomic}
   size_t MinHeapSize                              = 268435456                                 {product} {command line}
    uintx NonNMethodCodeHeapSize                   = 7602480                                {pd product} {ergonomic}
    uintx NonProfiledCodeHeapSize                  = 122027880                              {pd product} {ergonomic}
    uintx ProfiledCodeHeapSize                     = 122027880                              {pd product} {ergonomic}
    uintx ReservedCodeCacheSize                    = 251658240                              {pd product} {ergonomic}
     bool SegmentedCodeCache                       = true                                      {product} {ergonomic}
   size_t SoftMaxHeapSize                          = 536870912                              {manageable} {ergonomic}
     bool UseCompressedClassPointers               = true                           {product lp64_product} {ergonomic}
     bool UseCompressedOops                        = true                           {product lp64_product} {ergonomic}
     bool UseG1GC                                  = true                                      {product} {ergonomic}
     bool UseLargePagesIndividualAllocation        = false                                  {pd product} {ergonomic}

Logging:
Log output configuration:
 #0: stdout all=warning uptime,level,tags
 #1: stderr all=off uptime,level,tags

Environment Variables:
JAVA_HOME=C:\Program Files\Microsoft\jdk-17.0.13.11-hotspot\
PATH=C:\Program Files\Python314\Scripts\;C:\Program Files\Python314\;C:\Program Files\Common Files\Oracle\Java\javapath;C:\Program Files\Microsoft\jdk-17.0.13.11-hotspot\bin;C:\Python312\Scripts\;C:\Python312\;C:\WINDOWS\system32;C:\WINDOWS;C:\WINDOWS\System32\Wbem;C:\WINDOWS\System32\WindowsPowerShell\v1.0\;C:\WINDOWS\System32\OpenSSH\;C:\Program Files\nodejs\;C:\ProgramData\chocolatey\bin;C:\Users\SuhasKumar\AppData\Local\Android\Sdk\platform-tools;C:\Program Files\Git\cmd;C:\Program Files\MySQL\MySQL Server 8.0\bin;C:\MinGW\bin;;C:\Program Files\Docker\Docker\resources\bin;C:\Program Files\cursor\resources\app\bin;C:\Users\SuhasKumar\.local\bin;C:\Program Files\MySQL\MySQL Shell 8.0\bin\;c:\Users\SuhasKumar\AppData\Local\Programs\Trae\bin;C:\Users\SuhasKumar\AppData\Local\Microsoft\WindowsApps;C:\Users\SuhasKumar\AppData\Roaming\npm;C:\Users\SuhasKumar\AppData\Local\Programs\Microsoft VS Code\bin;C:\Program Files\nodejs;C:\Users\SuhasKumar\AppData\Local\Android\Sdk\platform-tools;C:\Users\SuhasKumar\AppData\Local\Microsoft\WindowsApps;C:\Program Files\JetBrains\IntelliJ IDEA Community Edition 2025.1.4.1\bin;
USERNAME=SuhasKumar
OS=Windows_NT
PROCESSOR_IDENTIFIER=Intel64 Family 6 Model 165 Stepping 2, GenuineIntel
TMP=C:\Users\SUHASK~1\AppData\Local\Temp
TEMP=C:\Users\SUHASK~1\AppData\Local\Temp



Periodic native trim disabled


---------------  S Y S T E M  ---------------

OS:
 Windows 11 , 64 bit Build 26100 (10.0.26100.8246)
OS uptime: 13 days 0:31 hours
Hyper-V role detected

CPU: total 16 (initial active 16) (8 cores per cpu, 2 threads per core) family 6 model 165 stepping 2 microcode 0xfa, cx8, cmov, fxsr, ht, mmx, 3dnowpref, sse, sse2, sse3, ssse3, sse4.1, sse4.2, popcnt, lzcnt, tsc, tscinvbit, avx, avx2, aes, erms, clmul, bmi1, bmi2, adx, fma, vzeroupper, clflush, clflushopt, hv
Processor Information for the first 16 processors :
  Max Mhz: 2304, Current Mhz: 1903, Mhz Limit: 1889

Memory: 4k page, system-wide physical 32520M (3834M free)
TotalPageFile size 61270M (AvailPageFile size 20M)
current process WorkingSet (physical memory assigned to process): 472M, peak: 472M
current process commit charge ("private bytes"): 557M, peak: 561M

vm_info: OpenJDK 64-Bit Server VM (17.0.13+11-LTS) for windows-amd64 JRE (17.0.13+11-LTS), built on Oct 11 2024 23:25:05 by "MicrosoftCorporation" with unknown MS VC++:1939

END.
